

Microchip Technology PIC LITE Macro Assembler V1.38 build -256452561 
                                                                                               Mon Oct 03 14:02:01 2016

Microchip Technology Omniscient Code Generator v1.38 (Free mode) build 201607010351
     1                           	processor	16F886
     2                           	opt	pw 120
     3                           	opt	lm
     4                           	psect	cinit,global,class=CODE,merge=1,delta=2
     5                           	psect	cstackCOMMON,global,class=COMMON,space=1,delta=1
     6                           	psect	maintext,global,class=CODE,split=1,delta=2
     7                           	dabs	1,0x7E,2
     8  0000                     	;# 
     9  0001                     	;# 
    10  0002                     	;# 
    11  0003                     	;# 
    12  0004                     	;# 
    13  0005                     	;# 
    14  0006                     	;# 
    15  0007                     	;# 
    16  0009                     	;# 
    17  000A                     	;# 
    18  000B                     	;# 
    19  000C                     	;# 
    20  000D                     	;# 
    21  000E                     	;# 
    22  000E                     	;# 
    23  000F                     	;# 
    24  0010                     	;# 
    25  0011                     	;# 
    26  0012                     	;# 
    27  0013                     	;# 
    28  0014                     	;# 
    29  0015                     	;# 
    30  0015                     	;# 
    31  0016                     	;# 
    32  0017                     	;# 
    33  0018                     	;# 
    34  0019                     	;# 
    35  001A                     	;# 
    36  001B                     	;# 
    37  001B                     	;# 
    38  001C                     	;# 
    39  001D                     	;# 
    40  001E                     	;# 
    41  001F                     	;# 
    42  0081                     	;# 
    43  0085                     	;# 
    44  0086                     	;# 
    45  0087                     	;# 
    46  0089                     	;# 
    47  008C                     	;# 
    48  008D                     	;# 
    49  008E                     	;# 
    50  008F                     	;# 
    51  0090                     	;# 
    52  0091                     	;# 
    53  0092                     	;# 
    54  0093                     	;# 
    55  0093                     	;# 
    56  0093                     	;# 
    57  0094                     	;# 
    58  0095                     	;# 
    59  0096                     	;# 
    60  0097                     	;# 
    61  0098                     	;# 
    62  0099                     	;# 
    63  009A                     	;# 
    64  009B                     	;# 
    65  009C                     	;# 
    66  009D                     	;# 
    67  009E                     	;# 
    68  009F                     	;# 
    69  0105                     	;# 
    70  0107                     	;# 
    71  0108                     	;# 
    72  0109                     	;# 
    73  010C                     	;# 
    74  010C                     	;# 
    75  010D                     	;# 
    76  010E                     	;# 
    77  010F                     	;# 
    78  0185                     	;# 
    79  0187                     	;# 
    80  0188                     	;# 
    81  0189                     	;# 
    82  018C                     	;# 
    83  018D                     	;# 
    84                           
    85                           ; #config settings
    86  0000                     
    87                           	psect	cinit
    88  07FC                     start_initialization:	
    89  07FC                     __initialization:	
    90  07FC                     end_of_initialization:	
    91                           ;End of C runtime variable initialization code
    92                           
    93  07FC                     __end_of__initialization:	
    94  07FC  0183               	clrf	3
    95  07FD  120A  118A  2FF9   	ljmp	_main	;jump to C main() function
    96                           
    97                           	psect	cstackCOMMON
    98  0000                     __pcstackCOMMON:	
    99  0000                     ?_main:	
   100  0000                     ??_main:	
   101                           ; 1 bytes @ 0x0
   102                           
   103                           
   104                           	psect	maintext
   105  07F9                     __pmaintext:	
   106                           ; 1 bytes @ 0x0
   107 ;;
   108 ;;Main: autosize = 0, tempsize = 0, incstack = 0, save=0
   109 ;;
   110 ;; *************** function _main *****************
   111 ;; Defined at:
   112 ;;		line 11 in file "main.c"
   113 ;; Parameters:    Size  Location     Type
   114 ;;		None
   115 ;; Auto vars:     Size  Location     Type
   116 ;;		None
   117 ;; Return value:  Size  Location     Type
   118 ;;                  1    wreg      void 
   119 ;; Registers used:
   120 ;;		None
   121 ;; Tracked objects:
   122 ;;		On entry : B00/0
   123 ;;		On exit  : 0/0
   124 ;;		Unchanged: 0/0
   125 ;; Data sizes:     COMMON   BANK0   BANK1   BANK3   BANK2
   126 ;;      Params:         0       0       0       0       0
   127 ;;      Locals:         0       0       0       0       0
   128 ;;      Temps:          0       0       0       0       0
   129 ;;      Totals:         0       0       0       0       0
   130 ;;Total ram usage:        0 bytes
   131 ;; This function calls:
   132 ;;		Nothing
   133 ;; This function is called by:
   134 ;;		Startup code after reset
   135 ;; This function uses a non-reentrant model
   136 ;;
   137                           
   138                           
   139                           ;psect for function _main
   140  07F9                     _main:	
   141                           
   142                           ;main.c: 12: return;
   143                           
   144                           ;incstack = 0
   145                           ; Regs used in _main: []
   146  07F9  120A  118A  2800   	ljmp	start
   147  07FC                     __end_of_main:	
   148  007E                     btemp	set	126	;btemp
   149  007E                     wtemp	set	126
   150  007E                     wtemp0	set	126
   151  0080                     wtemp1	set	128
   152  0082                     wtemp2	set	130
   153  0084                     wtemp3	set	132
   154  0086                     wtemp4	set	134
   155  0088                     wtemp5	set	136
   156  007F                     wtemp6	set	127
   157  007E                     ttemp	set	126
   158  007E                     ttemp0	set	126
   159  0081                     ttemp1	set	129
   160  0084                     ttemp2	set	132
   161  0087                     ttemp3	set	135
   162  007F                     ttemp4	set	127
   163  007E                     ltemp	set	126
   164  007E                     ltemp0	set	126
   165  0082                     ltemp1	set	130
   166  0086                     ltemp2	set	134
   167  0080                     ltemp3	set	128


Data Sizes:
    Strings     0
    Constant    0
    Data        0
    BSS         0
    Persistent  0
    Stack       0

Auto Spaces:
    Space          Size  Autos    Used
    COMMON           14      0       0
    BANK0            80      0       0
    BANK1            80      0       0
    BANK3            96      0       0
    BANK2            96      0       0

Pointer List with Targets:

    None.

Critical Paths under _main in COMMON

    None.

Critical Paths under _main in BANK0

    None.

Critical Paths under _main in BANK1

    None.

Critical Paths under _main in BANK3

    None.

Critical Paths under _main in BANK2

    None.

Call Graph Tables:

 ---------------------------------------------------------------------------------
 (Depth) Function   	        Calls       Base Space   Used Autos Params    Refs
 ---------------------------------------------------------------------------------
 (0) _main                                                 0     0      0       0
 ---------------------------------------------------------------------------------
 Estimated maximum stack depth 0
 ---------------------------------------------------------------------------------

 Call Graph Graphs:

 _main (ROOT)

 Address spaces:
Name               Size   Autos  Total    Cost      Usage
BITCOMMON            E      0       0       0        0.0%
EEDATA             100      0       0       0        0.0%
NULL                 0      0       0       0        0.0%
CODE                 0      0       0       0        0.0%
COMMON               E      0       0       1        0.0%
BITSFR0              0      0       0       1        0.0%
SFR0                 0      0       0       1        0.0%
BITSFR1              0      0       0       2        0.0%
SFR1                 0      0       0       2        0.0%
STACK                0      0       0       2        0.0%
ABS                  0      0       0       3        0.0%
BITBANK0            50      0       0       4        0.0%
BITSFR3              0      0       0       4        0.0%
SFR3                 0      0       0       4        0.0%
BANK0               50      0       0       5        0.0%
BITSFR2              0      0       0       5        0.0%
SFR2                 0      0       0       5        0.0%
BITBANK1            50      0       0       6        0.0%
BANK1               50      0       0       7        0.0%
BITBANK3            60      0       0       8        0.0%
BANK3               60      0       0       9        0.0%
BITBANK2            60      0       0      10        0.0%
BANK2               60      0       0      11        0.0%
DATA                 0      0       0      12        0.0%


Microchip Technology PIC Macro Assembler V1.38 build -256452561 
Symbol Table                                                                                   Mon Oct 03 14:02:01 2016

            __CFG_CP$OFF 0000             __CFG_CPD$OFF 0000             __CFG_IESO$ON 0000  
           __CFG_FOSC$HS 0000             __CFG_LVP$OFF 0000             __CFG_WRT$OFF 0000  
          __CFG_FCMEN$ON 0000                     _main 07F9                     btemp 007E  
                   ltemp 007E                     start 0000                     ttemp 007E  
                   wtemp 007E            __CFG_MCLRE$ON 0000                    ?_main 0000  
          __CFG_WDTE$OFF 0000           __CFG_BOREN$OFF 0000                    ltemp0 007E  
                  ltemp1 0082                    ltemp2 0086                    ltemp3 0080  
                  ttemp0 007E                    ttemp1 0081                    ttemp2 0084  
                  ttemp3 0087                    ttemp4 007F                    status 0003  
                  wtemp0 007E                    wtemp1 0080                    wtemp2 0082  
                  wtemp3 0084                    wtemp4 0086                    wtemp5 0088  
                  wtemp6 007F          __initialization 07FC             __end_of_main 07FC  
                 ??_main 0000           __CFG_PWRTE$OFF 0000  __end_of__initialization 07FC  
         __pcstackCOMMON 0000               __pmaintext 07F9     end_of_initialization 07FC  
    start_initialization 07FC                ___latbits 0002        __CFG_BOR4V$BOR21V 0000  
          __size_of_main 0003  
