

Microchip Technology PIC PRO Macro Assembler V1.38 build -256452561 
                                                                                               Wed Nov 09 16:25:32 2016

Microchip Technology Omniscient Code Generator v1.38 (PRO mode) build 201607010351
     1                           	processor	16F886
     2                           	opt	pw 120
     3                           	opt	pm
     4                           	psect	idataEEDATA,global,class=EEDATA,space=3,delta=2
     5                           	psect	cinit,global,class=CODE,merge=1,delta=2
     6                           	psect	dataEEDATA,global,class=EEDATA,space=3,delta=2
     7                           	psect	inittext,global,class=CODE,delta=2
     8                           	psect	cstackCOMMON,global,class=COMMON,space=1,delta=1
     9                           	psect	maintext,global,class=CODE,split=1,delta=2
    10                           	psect	pa_nodes,global,class=CODE,delta=2
    11                           	dabs	1,0x7E,2
    12  0000                     	;# 
    13  0001                     	;# 
    14  0002                     	;# 
    15  0003                     	;# 
    16  0004                     	;# 
    17  0005                     	;# 
    18  0006                     	;# 
    19  0007                     	;# 
    20  0009                     	;# 
    21  000A                     	;# 
    22  000B                     	;# 
    23  000C                     	;# 
    24  000D                     	;# 
    25  000E                     	;# 
    26  000E                     	;# 
    27  000F                     	;# 
    28  0010                     	;# 
    29  0011                     	;# 
    30  0012                     	;# 
    31  0013                     	;# 
    32  0014                     	;# 
    33  0015                     	;# 
    34  0015                     	;# 
    35  0016                     	;# 
    36  0017                     	;# 
    37  0018                     	;# 
    38  0019                     	;# 
    39  001A                     	;# 
    40  001B                     	;# 
    41  001B                     	;# 
    42  001C                     	;# 
    43  001D                     	;# 
    44  001E                     	;# 
    45  001F                     	;# 
    46  0081                     	;# 
    47  0085                     	;# 
    48  0086                     	;# 
    49  0087                     	;# 
    50  0089                     	;# 
    51  008C                     	;# 
    52  008D                     	;# 
    53  008E                     	;# 
    54  008F                     	;# 
    55  0090                     	;# 
    56  0091                     	;# 
    57  0092                     	;# 
    58  0093                     	;# 
    59  0093                     	;# 
    60  0093                     	;# 
    61  0094                     	;# 
    62  0095                     	;# 
    63  0096                     	;# 
    64  0097                     	;# 
    65  0098                     	;# 
    66  0099                     	;# 
    67  009A                     	;# 
    68  009B                     	;# 
    69  009C                     	;# 
    70  009D                     	;# 
    71  009E                     	;# 
    72  009F                     	;# 
    73  0105                     	;# 
    74  0107                     	;# 
    75  0108                     	;# 
    76  0109                     	;# 
    77  010C                     	;# 
    78  010C                     	;# 
    79  010D                     	;# 
    80  010E                     	;# 
    81  010F                     	;# 
    82  0185                     	;# 
    83  0187                     	;# 
    84  0188                     	;# 
    85  0189                     	;# 
    86  018C                     	;# 
    87  018D                     	;# 
    88                           
    89                           	psect	idataEEDATA
    90  0000                     __pidataEEDATA:	
    91  0000                     _EE_STATES:	
    92                           ;initializer for _EE_STATES
    93                           
    94  0000  000A               	db	10
    95  0001  0008               	db	8
    96  0002  0009               	db	9
    97  0003  0002               	db	2
    98  0004  0000               	db	0
    99  0005  0003               	db	3
   100  0006  000C               	db	12
   101  0007  0009               	db	9
   102  0008  0000               	db	0
   103  0009  0000               	db	0
   104  000A  000A               	db	10
   105  000B  0001               	db	1
   106  000C  0009               	db	9
   107  000D  0000               	db	0
   108  000E  0020               	db	32
   109  000F  0003               	db	3
   110  0010  0001               	db	1
   111  0011  000D               	db	13
   112  0012  0000               	db	0
   113  0013  0000               	db	0
   114  0014  000A               	db	10
   115  0015  0009               	db	9
   116  0016  0008               	db	8
   117  0017  0010               	db	16
   118  0018  0000               	db	0
   119  0019  0003               	db	3
   120  001A  0009               	db	9
   121  001B  000A               	db	10
   122  001C  0000               	db	0
   123  001D  0000               	db	0
   124  001E  000A               	db	10
   125  001F  0009               	db	9
   126  0020  0001               	db	1
   127  0021  0000               	db	0
   128  0022  0000               	db	0
   129  0023  0003               	db	3
   130  0024  0009               	db	9
   131  0025  0011               	db	17
   132  0026  0000               	db	0
   133  0027  0000               	db	0
   134  0028  000A               	db	10
   135  0029  0008               	db	8
   136  002A  0009               	db	9
   137  002B  0002               	db	2
   138  002C  0000               	db	0
   139  002D  0003               	db	3
   140  002E  000C               	db	12
   141  002F  0009               	db	9
   142  0030  0000               	db	0
   143  0031  0000               	db	0
   144  0032  000A               	db	10
   145  0033  0001               	db	1
   146  0034  0009               	db	9
   147  0035  0000               	db	0
   148  0036  0020               	db	32
   149  0037  0003               	db	3
   150  0038  0001               	db	1
   151  0039  000D               	db	13
   152  003A  0000               	db	0
   153  003B  0000               	db	0
   154  003C  000A               	db	10
   155  003D  0009               	db	9
   156  003E  0008               	db	8
   157  003F  0010               	db	16
   158  0040  0000               	db	0
   159  0041  0003               	db	3
   160  0042  0009               	db	9
   161  0043  000A               	db	10
   162  0044  0000               	db	0
   163  0045  0000               	db	0
   164  0046  000A               	db	10
   165  0047  0009               	db	9
   166  0048  0001               	db	1
   167  0049  0000               	db	0
   168  004A  0000               	db	0
   169  004B  0003               	db	3
   170  004C  0009               	db	9
   171  004D  0011               	db	17
   172  004E  0000               	db	0
   173  004F  0000               	db	0
   174  0050  000A               	db	10
   175  0051  0008               	db	8
   176  0052  0009               	db	9
   177  0053  0002               	db	2
   178  0054  0000               	db	0
   179  0055  0003               	db	3
   180  0056  000C               	db	12
   181  0057  0009               	db	9
   182  0058  0000               	db	0
   183  0059  0000               	db	0
   184  005A  000A               	db	10
   185  005B  0001               	db	1
   186  005C  0009               	db	9
   187  005D  0000               	db	0
   188  005E  0020               	db	32
   189  005F  0003               	db	3
   190  0060  0001               	db	1
   191  0061  000D               	db	13
   192  0062  0000               	db	0
   193  0063  0000               	db	0
   194  0064  000A               	db	10
   195  0065  0009               	db	9
   196  0066  0008               	db	8
   197  0067  0010               	db	16
   198  0068  0000               	db	0
   199  0069  0003               	db	3
   200  006A  0009               	db	9
   201  006B  000A               	db	10
   202  006C  0000               	db	0
   203  006D  0000               	db	0
   204  006E  000A               	db	10
   205  006F  0009               	db	9
   206  0070  0001               	db	1
   207  0071  0000               	db	0
   208  0072  0000               	db	0
   209  0073  0003               	db	3
   210  0074  0009               	db	9
   211  0075  0011               	db	17
   212  0076  0000               	db	0
   213  0077  0000               	db	0
   214  0078  000A               	db	10
   215  0079  0009               	db	9
   216  007A  0008               	db	8
   217  007B  0010               	db	16
   218  007C  0000               	db	0
   219  007D  0003               	db	3
   220  007E  0009               	db	9
   221  007F  000A               	db	10
   222  0080  0000               	db	0
   223  0081  0000               	db	0
   224  0082  000A               	db	10
   225  0083  0009               	db	9
   226  0084  0001               	db	1
   227  0085  0000               	db	0
   228  0086  0000               	db	0
   229  0087  0003               	db	3
   230  0088  0009               	db	9
   231  0089  0011               	db	17
   232  008A  0000               	db	0
   233  008B  0000               	db	0
   234  008C  000A               	db	10
   235  008D  0009               	db	9
   236  008E  0001               	db	1
   237  008F  0000               	db	0
   238  0090  0000               	db	0
   239  0091  0003               	db	3
   240  0092  0009               	db	9
   241  0093  0011               	db	17
   242  0094  0000               	db	0
   243  0095  0000               	db	0
   244  0096                     _EE_C:	
   245                           ;initializer for _EE_C
   246                           
   247  0096  0001               	db	1
   248  0097  0051               	db	81
   249  0098  007F               	db	127
   250  0099  0000               	db	0
   251  009A  0027               	db	39
   252  009B  000F               	db	15
   253  009C  0000               	db	0
   254  009D  0075               	db	117
   255  009E  002F               	db	47
   256  009F                     _EE_AUDIO:	
   257                           ;initializer for _EE_AUDIO
   258                           
   259  009F  0082               	db	130
   260  00A0  0002               	db	2
   261  00A1  0002               	db	2
   262  00A2  0028               	db	40
   263  00A3                     _EE_STATE_BREAKS:	
   264                           ;initializer for _EE_STATE_BREAKS
   265                           
   266  00A3  0008               	db	8
   267  00A4  000F               	db	15
   268  00A5  0019               	db	25
   269  00A6                     _EE_C_D:	
   270                           ;initializer for _EE_C_D
   271                           
   272  00A6  0015               	db	21
   273                           
   274                           ; #config settings
   275  0000                     
   276                           	psect	cinit
   277  07FC                     start_initialization:	
   278  07FC                     __initialization:	
   279  07FC                     end_of_initialization:	
   280                           ;End of C runtime variable initialization code
   281                           
   282  07FC                     __end_of__initialization:	
   283  07FC  0183               	clrf	3
   284  07FD  120A  118A  2800   	ljmp	start	;jump to C main() function
   285                           
   286                           	psect	dataEEDATA
   287  0000                     __pdataEEDATA:	
   288                           
   289                           	psect	inittext
   290  07EB                     init_fetch0:	
   291                           ;	Called with low address in FSR and high address in W
   292                           
   293  07EB  087E               	movf	126,w
   294  07EC  008A               	movwf	10
   295  07ED  087F               	movf	127,w
   296  07EE  0082               	movwf	2
   297  07EF                     init_ram0:	
   298                           ;Called with:
   299                           ;	high address of idata address in btemp 
   300                           ;	low address of idata address in btemp+1 
   301                           ;	low address of data in FSR
   302                           ;	high address + 1 of data in btemp-1
   303                           
   304  07EF  27EB  120A  118A   	fcall	init_fetch0
   305  07F2  0080               	movwf	0
   306  07F3  0A84               	incf	4,f
   307  07F4  0804               	movf	4,w
   308  07F5  067D               	xorwf	125,w
   309  07F6  1903               	btfsc	3,2
   310  07F7  3400               	retlw	0
   311  07F8  0AFF               	incf	127,f
   312  07F9  1903               	btfsc	3,2
   313  07FA  0AFE               	incf	126,f
   314  07FB  2FEF               	goto	init_ram0
   315                           
   316                           	psect	cstackCOMMON
   317  0000                     __pcstackCOMMON:	
   318  0000                     ?_main:	
   319  0000                     ??_main:	
   320                           ; 1 bytes @ 0x0
   321                           
   322                           
   323                           	psect	maintext
   324  07E8                     __pmaintext:	
   325                           ; 1 bytes @ 0x0
   326 ;;
   327 ;;Main: autosize = 0, tempsize = 0, incstack = 0, save=0
   328 ;;
   329 ;; *************** function _main *****************
   330 ;; Defined at:
   331 ;;		line 62 in file "main.c"
   332 ;; Parameters:    Size  Location     Type
   333 ;;		None
   334 ;; Auto vars:     Size  Location     Type
   335 ;;		None
   336 ;; Return value:  Size  Location     Type
   337 ;;                  1    wreg      void 
   338 ;; Registers used:
   339 ;;		None
   340 ;; Tracked objects:
   341 ;;		On entry : B00/0
   342 ;;		On exit  : B00/0
   343 ;;		Unchanged: B00/0
   344 ;; Data sizes:     COMMON   BANK0   BANK1   BANK3   BANK2
   345 ;;      Params:         0       0       0       0       0
   346 ;;      Locals:         0       0       0       0       0
   347 ;;      Temps:          0       0       0       0       0
   348 ;;      Totals:         0       0       0       0       0
   349 ;;Total ram usage:        0 bytes
   350 ;; This function calls:
   351 ;;		Nothing
   352 ;; This function is called by:
   353 ;;		Startup code after reset
   354 ;; This function uses a non-reentrant model
   355 ;;
   356                           
   357                           
   358                           ;psect for function _main
   359  07E8                     _main:	
   360                           
   361                           ;main.c: 63: return;
   362                           
   363                           ;incstack = 0
   364                           ; Regs used in _main: []
   365  07E8  120A  118A  2800   	ljmp	start
   366  07EB                     __end_of_main:	
   367  007E                     btemp	set	126	;btemp
   368  007E                     wtemp	set	126
   369  007E                     wtemp0	set	126
   370  0080                     wtemp1	set	128
   371  0082                     wtemp2	set	130
   372  0084                     wtemp3	set	132
   373  0086                     wtemp4	set	134
   374  0088                     wtemp5	set	136
   375  007F                     wtemp6	set	127
   376  007E                     ttemp	set	126
   377  007E                     ttemp0	set	126
   378  0081                     ttemp1	set	129
   379  0084                     ttemp2	set	132
   380  0087                     ttemp3	set	135
   381  007F                     ttemp4	set	127
   382  007E                     ltemp	set	126
   383  007E                     ltemp0	set	126
   384  0082                     ltemp1	set	130
   385  0086                     ltemp2	set	134
   386  0080                     ltemp3	set	128


Data Sizes:
    Strings     0
    Constant    0
    Data        167
    BSS         0
    Persistent  0
    Stack       0

Auto Spaces:
    Space          Size  Autos    Used
    COMMON           14      0       0
    BANK0            80      0       0
    BANK1            80      0       0
    BANK3            96      0       0
    BANK2            96      0       0

Pointer List with Targets:

    None.

Critical Paths under _main in COMMON

    None.

Critical Paths under _main in BANK0

    None.

Critical Paths under _main in BANK1

    None.

Critical Paths under _main in BANK3

    None.

Critical Paths under _main in BANK2

    None.

Call Graph Tables:

 ---------------------------------------------------------------------------------
 (Depth) Function   	        Calls       Base Space   Used Autos Params    Refs
 ---------------------------------------------------------------------------------
 (0) _main                                                 0     0      0       0
 ---------------------------------------------------------------------------------
 Estimated maximum stack depth 0
 ---------------------------------------------------------------------------------

 Call Graph Graphs:

 _main (ROOT)

 Address spaces:
Name               Size   Autos  Total    Cost      Usage
BANK3               60      0       0       9        0.0%
BITBANK3            60      0       0       8        0.0%
SFR3                 0      0       0       4        0.0%
BITSFR3              0      0       0       4        0.0%
BANK2               60      0       0      11        0.0%
BITBANK2            60      0       0      10        0.0%
SFR2                 0      0       0       5        0.0%
BITSFR2              0      0       0       5        0.0%
BANK1               50      0       0       7        0.0%
BITBANK1            50      0       0       6        0.0%
SFR1                 0      0       0       2        0.0%
BITSFR1              0      0       0       2        0.0%
BANK0               50      0       0       5        0.0%
BITBANK0            50      0       0       4        0.0%
SFR0                 0      0       0       1        0.0%
BITSFR0              0      0       0       1        0.0%
COMMON               E      0       0       1        0.0%
BITCOMMON            E      0       0       0        0.0%
CODE                 0      0       0       0        0.0%
DATA                 0      0       0      12        0.0%
ABS                  0      0       0       3        0.0%
NULL                 0      0       0       0        0.0%
STACK                0      0       0       2        0.0%
EEDATA             100      0      A7       0       65.2%


Microchip Technology PIC Macro Assembler V1.38 build -256452561 
Symbol Table                                                                                   Wed Nov 09 16:25:32 2016

                      pc 0002              __CFG_CP$OFF 0000                       fsr 0004  
           __CFG_CPD$OFF 0000                      indf 0000             __CFG_IESO$ON 0000  
           __CFG_FOSC$HS 0000             __CFG_LVP$OFF 0000                     _EE_C 0096  
           __CFG_WRT$OFF 0000            __CFG_FCMEN$ON 0000                     _main 07E8  
                   btemp 007E                     ltemp 007E                     start 0000  
                   ttemp 007E                     wtemp 007E            __CFG_MCLRE$ON 0000  
                  ?_main 0000            __CFG_WDTE$OFF 0000           __CFG_BOREN$OFF 0000  
                  pclath 000A                    ltemp0 007E                    ltemp1 0082  
                  ltemp2 0086                    ltemp3 0080                    ttemp0 007E  
                  ttemp1 0081                    ttemp2 0084                    ttemp3 0087  
                  ttemp4 007F                    status 0003                    wtemp0 007E  
                  wtemp1 0080                    wtemp2 0082                    wtemp3 0084  
                  wtemp4 0086                    wtemp5 0088                    wtemp6 007F  
        __initialization 07FC             __end_of_main 07EB                   ??_main 0000  
                 _EE_C_D 00A6           __CFG_PWRTE$OFF 0000             __pdataEEDATA 0000  
__end_of__initialization 07FC           __pcstackCOMMON 0000               __pmaintext 07E8  
        _EE_STATE_BREAKS 00A3                _EE_STATES 0000     end_of_initialization 07FC  
          __pidataEEDATA 0000      start_initialization 07FC               init_fetch0 07EB  
              ___latbits 0002                 _EE_AUDIO 009F        __CFG_BOR4V$BOR21V 0000  
          __size_of_main 0003                 init_ram0 07EF  
