

Microchip Technology PIC LITE Macro Assembler V1.38 build -256452561 
                                                                                               Tue Oct 18 18:27:06 2016

Microchip Technology Omniscient Code Generator v1.38 (Free mode) build 201607010351
     1                           	processor	16F886
     2                           	opt	pw 120
     3                           	opt	lm
     4                           	psect	idataBANK0,global,class=CODE,delta=2
     5                           	psect	idataBANK2,global,class=CODE,delta=2
     6                           	psect	idataBANK3,global,class=CODE,delta=2
     7                           	psect	cinit,global,class=CODE,merge=1,delta=2
     8                           	psect	bssCOMMON,global,class=COMMON,space=1,delta=1
     9                           	psect	dataBANK0,global,class=BANK0,space=1,delta=1
    10                           	psect	dataBANK3,global,class=BANK3,space=1,delta=1
    11                           	psect	dataBANK2,global,class=BANK2,space=1,delta=1
    12                           	psect	inittext,global,class=CODE,delta=2
    13                           	psect	cstackCOMMON,global,class=COMMON,space=1,delta=1
    14                           	psect	cstackBANK0,global,class=BANK0,space=1,delta=1
    15                           	psect	maintext,global,class=CODE,split=1,delta=2
    16                           	psect	text1,local,class=CODE,merge=1,delta=2
    17                           	psect	text2,local,class=CODE,merge=1,delta=2
    18                           	dabs	1,0x7E,2
    19  0000                     	;# 
    20  0001                     	;# 
    21  0002                     	;# 
    22  0003                     	;# 
    23  0004                     	;# 
    24  0005                     	;# 
    25  0006                     	;# 
    26  0007                     	;# 
    27  0009                     	;# 
    28  000A                     	;# 
    29  000B                     	;# 
    30  000C                     	;# 
    31  000D                     	;# 
    32  000E                     	;# 
    33  000E                     	;# 
    34  000F                     	;# 
    35  0010                     	;# 
    36  0011                     	;# 
    37  0012                     	;# 
    38  0013                     	;# 
    39  0014                     	;# 
    40  0015                     	;# 
    41  0015                     	;# 
    42  0016                     	;# 
    43  0017                     	;# 
    44  0018                     	;# 
    45  0019                     	;# 
    46  001A                     	;# 
    47  001B                     	;# 
    48  001B                     	;# 
    49  001C                     	;# 
    50  001D                     	;# 
    51  001E                     	;# 
    52  001F                     	;# 
    53  0081                     	;# 
    54  0085                     	;# 
    55  0086                     	;# 
    56  0087                     	;# 
    57  0089                     	;# 
    58  008C                     	;# 
    59  008D                     	;# 
    60  008E                     	;# 
    61  008F                     	;# 
    62  0090                     	;# 
    63  0091                     	;# 
    64  0092                     	;# 
    65  0093                     	;# 
    66  0093                     	;# 
    67  0093                     	;# 
    68  0094                     	;# 
    69  0095                     	;# 
    70  0096                     	;# 
    71  0097                     	;# 
    72  0098                     	;# 
    73  0099                     	;# 
    74  009A                     	;# 
    75  009B                     	;# 
    76  009C                     	;# 
    77  009D                     	;# 
    78  009E                     	;# 
    79  009F                     	;# 
    80  0105                     	;# 
    81  0107                     	;# 
    82  0108                     	;# 
    83  0109                     	;# 
    84  010C                     	;# 
    85  010C                     	;# 
    86  010D                     	;# 
    87  010E                     	;# 
    88  010F                     	;# 
    89  0185                     	;# 
    90  0187                     	;# 
    91  0188                     	;# 
    92  0189                     	;# 
    93  018C                     	;# 
    94  018D                     	;# 
    95                           
    96                           	psect	idataBANK0
    97  05BE                     __pidataBANK0:	
    98                           
    99                           ;initializer for _C
   100  05BE  3400               	retlw	0
   101  05BF  34D5               	retlw	213
   102  05C0  34BF               	retlw	191
   103  05C1  3400               	retlw	0
   104  05C2  34D6               	retlw	214
   105  05C3  3437               	retlw	55
   106  05C4  3400               	retlw	0
   107  05C5  34D6               	retlw	214
   108  05C6  34AF               	retlw	175
   109                           
   110                           	psect	idataBANK2
   111  0669                     __pidataBANK2:	
   112                           ;initializer for _C_BLINK
   113                           
   114  0669  340A               	retlw	10
   115  066A  3400               	retlw	0
   116  066B  3400               	retlw	0
   117  066C  3403               	retlw	3
   118  066D  3404               	retlw	4
   119  066E  3400               	retlw	0
   120  066F  340A               	retlw	10
   121  0670  3400               	retlw	0
   122  0671  3400               	retlw	0
   123  0672  3403               	retlw	3
   124  0673  3400               	retlw	0
   125  0674  3404               	retlw	4
   126  0675  340A               	retlw	10
   127  0676  3400               	retlw	0
   128  0677  3400               	retlw	0
   129  0678  3403               	retlw	3
   130  0679  3400               	retlw	0
   131  067A  3402               	retlw	2
   132  067B  340A               	retlw	10
   133  067C  3400               	retlw	0
   134  067D  3400               	retlw	0
   135  067E  3403               	retlw	3
   136  067F  3400               	retlw	0
   137  0680  3410               	retlw	16
   138  0681  3400               	retlw	0
   139  0682  3400               	retlw	0
   140  0683  3400               	retlw	0
   141  0684  3400               	retlw	0
   142  0685  3400               	retlw	0
   143  0686  3400               	retlw	0
   144  0687  3403               	retlw	3
   145  0688  3400               	retlw	0
   146  0689  3400               	retlw	0
   147  068A  3401               	retlw	1
   148  068B  3404               	retlw	4
   149  068C  3400               	retlw	0
   150  068D  3403               	retlw	3
   151  068E  3400               	retlw	0
   152  068F  3400               	retlw	0
   153  0690  3401               	retlw	1
   154  0691  3400               	retlw	0
   155  0692  3404               	retlw	4
   156  0693  3403               	retlw	3
   157  0694  3400               	retlw	0
   158  0695  3400               	retlw	0
   159  0696  3401               	retlw	1
   160  0697  3400               	retlw	0
   161  0698  3402               	retlw	2
   162  0699  3403               	retlw	3
   163  069A  3400               	retlw	0
   164  069B  3400               	retlw	0
   165  069C  3401               	retlw	1
   166  069D  3400               	retlw	0
   167  069E  3410               	retlw	16
   168  069F  3400               	retlw	0
   169  06A0  3400               	retlw	0
   170  06A1  3400               	retlw	0
   171  06A2  3400               	retlw	0
   172  06A3  3400               	retlw	0
   173  06A4  3400               	retlw	0
   174  06A5  3404               	retlw	4
   175  06A6  3400               	retlw	0
   176  06A7  3400               	retlw	0
   177  06A8  3402               	retlw	2
   178  06A9  3404               	retlw	4
   179  06AA  3400               	retlw	0
   180  06AB  3404               	retlw	4
   181  06AC  3400               	retlw	0
   182  06AD  3400               	retlw	0
   183  06AE  3402               	retlw	2
   184  06AF  3400               	retlw	0
   185  06B0  3404               	retlw	4
   186  06B1  3404               	retlw	4
   187  06B2  3400               	retlw	0
   188  06B3  3400               	retlw	0
   189  06B4  3402               	retlw	2
   190  06B5  3400               	retlw	0
   191  06B6  3402               	retlw	2
   192  06B7  3404               	retlw	4
   193  06B8  3400               	retlw	0
   194  06B9  3400               	retlw	0
   195  06BA  3402               	retlw	2
   196  06BB  3400               	retlw	0
   197  06BC  3410               	retlw	16
   198  06BD  3400               	retlw	0
   199  06BE  3400               	retlw	0
   200  06BF  3400               	retlw	0
   201  06C0  3400               	retlw	0
   202  06C1  3400               	retlw	0
   203  06C2  3400               	retlw	0
   204                           
   205                           	psect	idataBANK3
   206  060F                     __pidataBANK3:	
   207                           ;initializer for _C_ON
   208                           
   209  060F  340A               	retlw	10
   210  0610  340A               	retlw	10
   211  0611  3409               	retlw	9
   212  0612  3403               	retlw	3
   213  0613  3408               	retlw	8
   214  0614  3409               	retlw	9
   215  0615  340A               	retlw	10
   216  0616  3401               	retlw	1
   217  0617  3429               	retlw	41
   218  0618  3403               	retlw	3
   219  0619  3401               	retlw	1
   220  061A  3409               	retlw	9
   221  061B  340A               	retlw	10
   222  061C  3419               	retlw	25
   223  061D  3408               	retlw	8
   224  061E  3403               	retlw	3
   225  061F  3409               	retlw	9
   226  0620  3408               	retlw	8
   227  0621  340A               	retlw	10
   228  0622  3429               	retlw	41
   229  0623  3409               	retlw	9
   230  0624  3403               	retlw	3
   231  0625  3409               	retlw	9
   232  0626  3409               	retlw	9
   233  0627  3400               	retlw	0
   234  0628  3400               	retlw	0
   235  0629  3400               	retlw	0
   236  062A  3400               	retlw	0
   237  062B  3400               	retlw	0
   238  062C  3400               	retlw	0
   239  062D  3403               	retlw	3
   240  062E  340A               	retlw	10
   241  062F  3409               	retlw	9
   242  0630  3401               	retlw	1
   243  0631  3408               	retlw	8
   244  0632  3409               	retlw	9
   245  0633  3403               	retlw	3
   246  0634  3401               	retlw	1
   247  0635  3429               	retlw	41
   248  0636  3401               	retlw	1
   249  0637  3401               	retlw	1
   250  0638  3409               	retlw	9
   251  0639  3403               	retlw	3
   252  063A  3419               	retlw	25
   253  063B  3408               	retlw	8
   254  063C  3401               	retlw	1
   255  063D  3409               	retlw	9
   256  063E  3408               	retlw	8
   257  063F  3403               	retlw	3
   258  0640  3429               	retlw	41
   259  0641  3409               	retlw	9
   260  0642  3401               	retlw	1
   261  0643  3409               	retlw	9
   262  0644  3409               	retlw	9
   263  0645  3400               	retlw	0
   264  0646  3400               	retlw	0
   265  0647  3400               	retlw	0
   266  0648  3400               	retlw	0
   267  0649  3400               	retlw	0
   268  064A  3400               	retlw	0
   269  064B  3404               	retlw	4
   270  064C  340A               	retlw	10
   271  064D  3409               	retlw	9
   272  064E  3402               	retlw	2
   273  064F  3408               	retlw	8
   274  0650  3409               	retlw	9
   275  0651  3404               	retlw	4
   276  0652  3401               	retlw	1
   277  0653  3429               	retlw	41
   278  0654  3402               	retlw	2
   279  0655  3401               	retlw	1
   280  0656  3409               	retlw	9
   281  0657  3404               	retlw	4
   282  0658  3419               	retlw	25
   283  0659  3408               	retlw	8
   284  065A  3402               	retlw	2
   285  065B  3409               	retlw	9
   286  065C  3408               	retlw	8
   287  065D  3404               	retlw	4
   288  065E  3429               	retlw	41
   289  065F  3409               	retlw	9
   290  0660  3402               	retlw	2
   291  0661  3409               	retlw	9
   292  0662  3409               	retlw	9
   293  0663  3400               	retlw	0
   294  0664  3400               	retlw	0
   295  0665  3400               	retlw	0
   296  0666  3400               	retlw	0
   297  0667  3400               	retlw	0
   298  0668  3400               	retlw	0
   299  0018                     _CARRY	set	24
   300  005F                     _GIE	set	95
   301  010D                     _EEADR	set	269
   302  010C                     _EEDATA	set	268
   303  018C                     _EECON1	set	396
   304  018D                     _EECON2	set	397
   305  0C61                     _WR	set	3169
   306  0C62                     _WREN	set	3170
   307                           
   308                           ; #config settings
   309  0000                     
   310                           	psect	cinit
   311  07D4                     start_initialization:	
   312  07D4                     __initialization:	
   313                           
   314                           ; Initialize objects allocated to BANK3
   315  07D4  1783               	bsf	3,7	;select IRP bank2
   316  07D5  30EA               	movlw	low (__pdataBANK3+90)
   317  07D6  00FD               	movwf	btemp+-1
   318  07D7  3006               	movlw	high __pidataBANK3
   319  07D8  00FE               	movwf	btemp
   320  07D9  300F               	movlw	low __pidataBANK3
   321  07DA  00FF               	movwf	btemp+1
   322  07DB  3090               	movlw	low __pdataBANK3
   323  07DC  0084               	movwf	4
   324  07DD  120A  118A  25DC  120A  118A  	fcall	init_ram0
   325                           
   326                           ; Initialize objects allocated to BANK2
   327  07E2  306A               	movlw	low (__pdataBANK2+90)
   328  07E3  00FD               	movwf	btemp+-1
   329  07E4  3006               	movlw	high __pidataBANK2
   330  07E5  00FE               	movwf	btemp
   331  07E6  3069               	movlw	low __pidataBANK2
   332  07E7  00FF               	movwf	btemp+1
   333  07E8  3010               	movlw	low __pdataBANK2
   334  07E9  0084               	movwf	4
   335  07EA  120A  118A  25DC  120A  118A  	fcall	init_ram0
   336                           
   337                           ; Initialize objects allocated to BANK0
   338  07EF  1383               	bcf	3,7	;select IRP bank0
   339  07F0  3029               	movlw	low (__pdataBANK0+9)
   340  07F1  00FD               	movwf	btemp+-1
   341  07F2  3005               	movlw	high __pidataBANK0
   342  07F3  00FE               	movwf	btemp
   343  07F4  30BE               	movlw	low __pidataBANK0
   344  07F5  00FF               	movwf	btemp+1
   345  07F6  3020               	movlw	low __pdataBANK0
   346  07F7  0084               	movwf	4
   347  07F8  120A  118A  25DC   	fcall	init_ram0
   348                           
   349                           ; Clear objects allocated to COMMON
   350  07FB  01FC               	clrf	__pbssCOMMON& (0+127)
   351  07FC                     end_of_initialization:	
   352                           ;End of C runtime variable initialization code
   353                           
   354  07FC                     __end_of__initialization:	
   355  07FC  0183               	clrf	3
   356  07FD  120A  118A  2EC3   	ljmp	_main	;jump to C main() function
   357                           
   358                           	psect	bssCOMMON
   359  007C                     __pbssCOMMON:	
   360  007C                     _C_D:	
   361  007C                     	ds	1
   362                           
   363                           	psect	dataBANK0
   364  0020                     __pdataBANK0:	
   365  0020                     _C:	
   366  0020                     	ds	9
   367                           
   368                           	psect	dataBANK3
   369  0190                     __pdataBANK3:	
   370  0190                     _C_ON:	
   371  0190                     	ds	90
   372                           
   373                           	psect	dataBANK2
   374  0110                     __pdataBANK2:	
   375  0110                     _C_BLINK:	
   376  0110                     	ds	90
   377                           
   378                           	psect	inittext
   379  05D8                     init_fetch0:	
   380                           ;	Called with low address in FSR and high address in W
   381                           
   382  05D8  087E               	movf	126,w
   383  05D9  008A               	movwf	10
   384  05DA  087F               	movf	127,w
   385  05DB  0082               	movwf	2
   386  05DC                     init_ram0:	
   387                           ;Called with:
   388                           ;	high address of idata address in btemp 
   389                           ;	low address of idata address in btemp+1 
   390                           ;	low address of data in FSR
   391                           ;	high address + 1 of data in btemp-1
   392                           
   393  05DC  25D8  120A  118A   	fcall	init_fetch0
   394  05DF  0080               	movwf	0
   395  05E0  0A84               	incf	4,f
   396  05E1  0804               	movf	4,w
   397  05E2  067D               	xorwf	125,w
   398  05E3  1903               	btfsc	3,2
   399  05E4  3400               	retlw	0
   400  05E5  0AFF               	incf	127,f
   401  05E6  1903               	btfsc	3,2
   402  05E7  0AFE               	incf	126,f
   403  05E8  2DDC               	goto	init_ram0
   404                           
   405                           	psect	cstackCOMMON
   406  0070                     __pcstackCOMMON:	
   407  0070                     ?_main:	
   408  0070                     ?___bmul:	
   409                           ; 1 bytes @ 0x0
   410                           
   411  0070                     ___bmul@multiplicand:	
   412                           ; 1 bytes @ 0x0
   413                           
   414                           
   415                           ; 1 bytes @ 0x0
   416  0070                     	ds	1
   417  0071                     ??___bmul:	
   418                           
   419                           ; 1 bytes @ 0x1
   420  0071                     	ds	1
   421  0072                     ___bmul@product:	
   422                           
   423                           ; 1 bytes @ 0x2
   424  0072                     	ds	1
   425  0073                     ___bmul@multiplier:	
   426                           
   427                           ; 1 bytes @ 0x3
   428  0073                     	ds	1
   429  0074                     ?_eeprom_write:	
   430  0074                     eeprom_write@value:	
   431                           ; 1 bytes @ 0x4
   432                           
   433                           
   434                           ; 1 bytes @ 0x4
   435  0074                     	ds	1
   436  0075                     ??_eeprom_write:	
   437                           
   438                           ; 1 bytes @ 0x5
   439  0075                     	ds	1
   440  0076                     eeprom_write@addr:	
   441                           
   442                           ; 1 bytes @ 0x6
   443  0076                     	ds	1
   444  0077                     main@i:	
   445                           
   446                           ; 1 bytes @ 0x7
   447  0077                     	ds	1
   448  0078                     main@j:	
   449                           
   450                           ; 1 bytes @ 0x8
   451  0078                     	ds	1
   452  0079                     main@i_37:	
   453                           
   454                           ; 1 bytes @ 0x9
   455  0079                     	ds	1
   456  007A                     main@j_38:	
   457                           
   458                           ; 1 bytes @ 0xA
   459  007A                     	ds	1
   460  007B                     main@k:	
   461                           
   462                           ; 1 bytes @ 0xB
   463  007B                     	ds	1
   464                           
   465                           	psect	cstackBANK0
   466  0029                     __pcstackBANK0:	
   467  0029                     ??_main:	
   468                           
   469                           ; 1 bytes @ 0x0
   470  0029                     	ds	8
   471                           
   472                           	psect	maintext
   473  06C3                     __pmaintext:	
   474 ;;
   475 ;;Main: autosize = 0, tempsize = 8, incstack = 0, save=0
   476 ;;
   477 ;; *************** function _main *****************
   478 ;; Defined at:
   479 ;;		line 65 in file "main.c"
   480 ;; Parameters:    Size  Location     Type
   481 ;;		None
   482 ;; Auto vars:     Size  Location     Type
   483 ;;  k               1   11[COMMON] unsigned char 
   484 ;;  j               1   10[COMMON] unsigned char 
   485 ;;  j               1    8[COMMON] unsigned char 
   486 ;;  i               1    9[COMMON] unsigned char 
   487 ;;  i               1    7[COMMON] unsigned char 
   488 ;; Return value:  Size  Location     Type
   489 ;;                  1    wreg      void 
   490 ;; Registers used:
   491 ;;		wreg, fsr0l, fsr0h, status,2, status,0, pclath, cstack
   492 ;; Tracked objects:
   493 ;;		On entry : B00/0
   494 ;;		On exit  : 0/0
   495 ;;		Unchanged: 0/0
   496 ;; Data sizes:     COMMON   BANK0   BANK1   BANK3   BANK2
   497 ;;      Params:         0       0       0       0       0
   498 ;;      Locals:         5       0       0       0       0
   499 ;;      Temps:          0       8       0       0       0
   500 ;;      Totals:         5       8       0       0       0
   501 ;;Total ram usage:       13 bytes
   502 ;; Hardware stack levels required when called:    1
   503 ;; This function calls:
   504 ;;		___bmul
   505 ;;		_eeprom_write
   506 ;; This function is called by:
   507 ;;		Startup code after reset
   508 ;; This function uses a non-reentrant model
   509 ;;
   510                           
   511                           
   512                           ;psect for function _main
   513  06C3                     _main:	
   514                           
   515                           ;main.c: 66: eeprom_write(0X00, C_D);
   516                           
   517                           ;incstack = 0
   518                           ; Regs used in _main: [wreg-fsr0h+status,2+status,0+pclath+cstack]
   519  06C3  087C               	movf	_C_D,w
   520  06C4  1283               	bcf	3,5	;RP0=0, select bank0
   521  06C5  1303               	bcf	3,6	;RP1=0, select bank0
   522  06C6  00A9               	movwf	??_main
   523  06C7  0829               	movf	??_main,w
   524  06C8  00F4               	movwf	eeprom_write@value
   525  06C9  3000               	movlw	0
   526  06CA  120A  118A  25E9  120A  118A  	fcall	_eeprom_write
   527                           
   528                           ;main.c: 67: for (char i=0; i<3; i++)
   529  06CF  01F7               	clrf	main@i
   530  06D0  3003               	movlw	3
   531  06D1  0277               	subwf	main@i,w
   532  06D2  1803               	btfsc	3,0
   533  06D3  2F16               	goto	l657
   534  06D4                     l641:	
   535                           
   536                           ;main.c: 68: for (char j=0; j<3; j++)
   537  06D4  01F8               	clrf	main@j
   538  06D5  3003               	movlw	3
   539  06D6  0278               	subwf	main@j,w
   540  06D7  1803               	btfsc	3,0
   541  06D8  2F0C               	goto	l653
   542  06D9                     l647:	
   543                           
   544                           ;main.c: 69: eeprom_write(0X01+i*3+j, C[i][j]);
   545  06D9  3003               	movlw	3
   546  06DA  1283               	bcf	3,5	;RP0=0, select bank0
   547  06DB  1303               	bcf	3,6	;RP1=0, select bank0
   548  06DC  00A9               	movwf	??_main
   549  06DD  0829               	movf	??_main,w
   550  06DE  00F0               	movwf	___bmul@multiplicand
   551  06DF  0877               	movf	main@i,w
   552  06E0  120A  118A  25C7  120A  118A  	fcall	___bmul
   553  06E5  3E20               	addlw	(low (_C| 0))& (0+255)
   554  06E6  0778               	addwf	main@j,w
   555  06E7  1283               	bcf	3,5	;RP0=0, select bank0
   556  06E8  1303               	bcf	3,6	;RP1=0, select bank0
   557  06E9  00AA               	movwf	??_main+1
   558  06EA  082A               	movf	??_main+1,w
   559  06EB  0084               	movwf	4
   560  06EC  1383               	bcf	3,7	;select IRP bank0
   561  06ED  0800               	movf	0,w
   562  06EE  00AB               	movwf	??_main+2
   563  06EF  082B               	movf	??_main+2,w
   564  06F0  00F4               	movwf	eeprom_write@value
   565  06F1  3003               	movlw	3
   566  06F2  00AC               	movwf	??_main+3
   567  06F3  082C               	movf	??_main+3,w
   568  06F4  00F0               	movwf	___bmul@multiplicand
   569  06F5  0877               	movf	main@i,w
   570  06F6  120A  118A  25C7  120A  118A  	fcall	___bmul
   571  06FB  0778               	addwf	main@j,w
   572  06FC  3E01               	addlw	1
   573  06FD  120A  118A  25E9  120A  118A  	fcall	_eeprom_write
   574  0702  3001               	movlw	1
   575  0703  1283               	bcf	3,5	;RP0=0, select bank0
   576  0704  1303               	bcf	3,6	;RP1=0, select bank0
   577  0705  00A9               	movwf	??_main
   578  0706  0829               	movf	??_main,w
   579  0707  07F8               	addwf	main@j,f
   580  0708  3003               	movlw	3
   581  0709  0278               	subwf	main@j,w
   582  070A  1C03               	skipc
   583  070B  2ED9               	goto	l647
   584  070C                     l653:	
   585  070C  3001               	movlw	1
   586  070D  1283               	bcf	3,5	;RP0=0, select bank0
   587  070E  1303               	bcf	3,6	;RP1=0, select bank0
   588  070F  00A9               	movwf	??_main
   589  0710  0829               	movf	??_main,w
   590  0711  07F7               	addwf	main@i,f
   591  0712  3003               	movlw	3
   592  0713  0277               	subwf	main@i,w
   593  0714  1C03               	skipc
   594  0715  2ED4               	goto	l641
   595  0716                     l657:	
   596                           
   597                           ;main.c: 70: for (char i=0; i<3; i++)
   598  0716  01F9               	clrf	main@i_37
   599  0717  3003               	movlw	3
   600  0718  0279               	subwf	main@i_37,w
   601  0719  1803               	btfsc	3,0
   602  071A  2FD1               	goto	l23
   603  071B                     l663:	
   604                           
   605                           ;main.c: 71: for (char j=0; j<10; j++)
   606  071B  01FA               	clrf	main@j_38
   607  071C  300A               	movlw	10
   608  071D  027A               	subwf	main@j_38,w
   609  071E  1803               	btfsc	3,0
   610  071F  2FC7               	goto	l685
   611  0720                     l669:	
   612                           
   613                           ;main.c: 72: for (char k=0; k<3; k++) {
   614  0720  01FB               	clrf	main@k
   615  0721  3003               	movlw	3
   616  0722  027B               	subwf	main@k,w
   617  0723  1803               	btfsc	3,0
   618  0724  2FBD               	goto	l681
   619  0725                     l675:	
   620                           
   621                           ;main.c: 73: eeprom_write(0X0A+(i*10*3+j*3+k), C_ON[i][j][k]);
   622  0725  3003               	movlw	3
   623  0726  1283               	bcf	3,5	;RP0=0, select bank0
   624  0727  1303               	bcf	3,6	;RP1=0, select bank0
   625  0728  00A9               	movwf	??_main
   626  0729  0829               	movf	??_main,w
   627  072A  00F0               	movwf	___bmul@multiplicand
   628  072B  087A               	movf	main@j_38,w
   629  072C  120A  118A  25C7  120A  118A  	fcall	___bmul
   630  0731  1283               	bcf	3,5	;RP0=0, select bank0
   631  0732  1303               	bcf	3,6	;RP1=0, select bank0
   632  0733  00AA               	movwf	??_main+1
   633  0734  301E               	movlw	30
   634  0735  00AB               	movwf	??_main+2
   635  0736  082B               	movf	??_main+2,w
   636  0737  00F0               	movwf	___bmul@multiplicand
   637  0738  0879               	movf	main@i_37,w
   638  0739  120A  118A  25C7  120A  118A  	fcall	___bmul
   639  073E  3E90               	addlw	(low (_C_ON| (0+256)))& (0+255)
   640  073F  1283               	bcf	3,5	;RP0=0, select bank0
   641  0740  1303               	bcf	3,6	;RP1=0, select bank0
   642  0741  072A               	addwf	??_main+1,w
   643  0742  077B               	addwf	main@k,w
   644  0743  00AC               	movwf	??_main+3
   645  0744  082C               	movf	??_main+3,w
   646  0745  0084               	movwf	4
   647  0746  1783               	bsf	3,7	;select IRP bank3
   648  0747  0800               	movf	0,w
   649  0748  00AD               	movwf	??_main+4
   650  0749  082D               	movf	??_main+4,w
   651  074A  00F4               	movwf	eeprom_write@value
   652  074B  3003               	movlw	3
   653  074C  00AE               	movwf	??_main+5
   654  074D  082E               	movf	??_main+5,w
   655  074E  00F0               	movwf	___bmul@multiplicand
   656  074F  087A               	movf	main@j_38,w
   657  0750  120A  118A  25C7  120A  118A  	fcall	___bmul
   658  0755  1283               	bcf	3,5	;RP0=0, select bank0
   659  0756  1303               	bcf	3,6	;RP1=0, select bank0
   660  0757  00AF               	movwf	??_main+6
   661  0758  301E               	movlw	30
   662  0759  00B0               	movwf	??_main+7
   663  075A  0830               	movf	??_main+7,w
   664  075B  00F0               	movwf	___bmul@multiplicand
   665  075C  0879               	movf	main@i_37,w
   666  075D  120A  118A  25C7  120A  118A  	fcall	___bmul
   667  0762  1283               	bcf	3,5	;RP0=0, select bank0
   668  0763  1303               	bcf	3,6	;RP1=0, select bank0
   669  0764  072F               	addwf	??_main+6,w
   670  0765  077B               	addwf	main@k,w
   671  0766  3E0A               	addlw	10
   672  0767  120A  118A  25E9  120A  118A  	fcall	_eeprom_write
   673                           
   674                           ;main.c: 74: eeprom_write(0X64+(i*10*3+j*3+k), C_BLINK[i][j][k]);
   675  076C  3003               	movlw	3
   676  076D  1283               	bcf	3,5	;RP0=0, select bank0
   677  076E  1303               	bcf	3,6	;RP1=0, select bank0
   678  076F  00A9               	movwf	??_main
   679  0770  0829               	movf	??_main,w
   680  0771  00F0               	movwf	___bmul@multiplicand
   681  0772  087A               	movf	main@j_38,w
   682  0773  120A  118A  25C7  120A  118A  	fcall	___bmul
   683  0778  1283               	bcf	3,5	;RP0=0, select bank0
   684  0779  1303               	bcf	3,6	;RP1=0, select bank0
   685  077A  00AA               	movwf	??_main+1
   686  077B  301E               	movlw	30
   687  077C  00AB               	movwf	??_main+2
   688  077D  082B               	movf	??_main+2,w
   689  077E  00F0               	movwf	___bmul@multiplicand
   690  077F  0879               	movf	main@i_37,w
   691  0780  120A  118A  25C7  120A  118A  	fcall	___bmul
   692  0785  3E10               	addlw	(low (_C_BLINK| (0+256)))& (0+255)
   693  0786  1283               	bcf	3,5	;RP0=0, select bank0
   694  0787  1303               	bcf	3,6	;RP1=0, select bank0
   695  0788  072A               	addwf	??_main+1,w
   696  0789  077B               	addwf	main@k,w
   697  078A  00AC               	movwf	??_main+3
   698  078B  082C               	movf	??_main+3,w
   699  078C  0084               	movwf	4
   700  078D  1783               	bsf	3,7	;select IRP bank2
   701  078E  0800               	movf	0,w
   702  078F  00AD               	movwf	??_main+4
   703  0790  082D               	movf	??_main+4,w
   704  0791  00F4               	movwf	eeprom_write@value
   705  0792  3003               	movlw	3
   706  0793  00AE               	movwf	??_main+5
   707  0794  082E               	movf	??_main+5,w
   708  0795  00F0               	movwf	___bmul@multiplicand
   709  0796  087A               	movf	main@j_38,w
   710  0797  120A  118A  25C7  120A  118A  	fcall	___bmul
   711  079C  1283               	bcf	3,5	;RP0=0, select bank0
   712  079D  1303               	bcf	3,6	;RP1=0, select bank0
   713  079E  00AF               	movwf	??_main+6
   714  079F  301E               	movlw	30
   715  07A0  00B0               	movwf	??_main+7
   716  07A1  0830               	movf	??_main+7,w
   717  07A2  00F0               	movwf	___bmul@multiplicand
   718  07A3  0879               	movf	main@i_37,w
   719  07A4  120A  118A  25C7  120A  118A  	fcall	___bmul
   720  07A9  1283               	bcf	3,5	;RP0=0, select bank0
   721  07AA  1303               	bcf	3,6	;RP1=0, select bank0
   722  07AB  072F               	addwf	??_main+6,w
   723  07AC  077B               	addwf	main@k,w
   724  07AD  3E64               	addlw	100
   725  07AE  120A  118A  25E9  120A  118A  	fcall	_eeprom_write
   726  07B3  3001               	movlw	1
   727  07B4  1283               	bcf	3,5	;RP0=0, select bank0
   728  07B5  1303               	bcf	3,6	;RP1=0, select bank0
   729  07B6  00A9               	movwf	??_main
   730  07B7  0829               	movf	??_main,w
   731  07B8  07FB               	addwf	main@k,f
   732  07B9  3003               	movlw	3
   733  07BA  027B               	subwf	main@k,w
   734  07BB  1C03               	skipc
   735  07BC  2F25               	goto	l675
   736  07BD                     l681:	
   737  07BD  3001               	movlw	1
   738  07BE  1283               	bcf	3,5	;RP0=0, select bank0
   739  07BF  1303               	bcf	3,6	;RP1=0, select bank0
   740  07C0  00A9               	movwf	??_main
   741  07C1  0829               	movf	??_main,w
   742  07C2  07FA               	addwf	main@j_38,f
   743  07C3  300A               	movlw	10
   744  07C4  027A               	subwf	main@j_38,w
   745  07C5  1C03               	skipc
   746  07C6  2F20               	goto	l669
   747  07C7                     l685:	
   748  07C7  3001               	movlw	1
   749  07C8  1283               	bcf	3,5	;RP0=0, select bank0
   750  07C9  1303               	bcf	3,6	;RP1=0, select bank0
   751  07CA  00A9               	movwf	??_main
   752  07CB  0829               	movf	??_main,w
   753  07CC  07F9               	addwf	main@i_37,f
   754  07CD  3003               	movlw	3
   755  07CE  0279               	subwf	main@i_37,w
   756  07CF  1C03               	skipc
   757  07D0  2F1B               	goto	l663
   758  07D1                     l23:	
   759                           ;main.c: 75: }
   760                           ;main.c: 77: return;
   761                           
   762  07D1  120A  118A  2800   	ljmp	start
   763  07D4                     __end_of_main:	
   764                           
   765                           	psect	text1
   766  05E9                     __ptext1:	
   767 ;; *************** function _eeprom_write *****************
   768 ;; Defined at:
   769 ;;		line 6 in file "C:\Program Files (x86)\Microchip\xc8\v1.38\sources\pic\eewrite.c"
   770 ;; Parameters:    Size  Location     Type
   771 ;;  addr            1    wreg     unsigned char 
   772 ;;  value           1    4[COMMON] unsigned char 
   773 ;; Auto vars:     Size  Location     Type
   774 ;;  addr            1    6[COMMON] unsigned char 
   775 ;; Return value:  Size  Location     Type
   776 ;;                  1    wreg      void 
   777 ;; Registers used:
   778 ;;		wreg, status,2, status,0
   779 ;; Tracked objects:
   780 ;;		On entry : 0/0
   781 ;;		On exit  : 0/0
   782 ;;		Unchanged: 0/0
   783 ;; Data sizes:     COMMON   BANK0   BANK1   BANK3   BANK2
   784 ;;      Params:         1       0       0       0       0
   785 ;;      Locals:         1       0       0       0       0
   786 ;;      Temps:          1       0       0       0       0
   787 ;;      Totals:         3       0       0       0       0
   788 ;;Total ram usage:        3 bytes
   789 ;; Hardware stack levels used:    1
   790 ;; This function calls:
   791 ;;		Nothing
   792 ;; This function is called by:
   793 ;;		_main
   794 ;; This function uses a non-reentrant model
   795 ;;
   796                           
   797                           
   798                           ;psect for function _eeprom_write
   799  05E9                     _eeprom_write:	
   800                           
   801                           ;incstack = 0
   802                           ; Regs used in _eeprom_write: [wreg+status,2+status,0]
   803                           ;eeprom_write@addr stored from wreg
   804  05E9  00F6               	movwf	eeprom_write@addr
   805  05EA                     l43:	
   806  05EA  1683               	bsf	3,5	;RP0=1, select bank3
   807  05EB  1703               	bsf	3,6	;RP1=1, select bank3
   808  05EC  188C               	btfsc	12,1	;volsfr
   809  05ED  2DEA               	goto	l43
   810  05EE  0876               	movf	eeprom_write@addr,w
   811  05EF  1283               	bcf	3,5	;RP0=0, select bank2
   812  05F0  1703               	bsf	3,6	;RP1=1, select bank2
   813  05F1  008D               	movwf	13	;volatile
   814  05F2  0874               	movf	eeprom_write@value,w
   815  05F3  008C               	movwf	12	;volatile
   816  05F4  303F               	movlw	63
   817  05F5  00F5               	movwf	??_eeprom_write
   818  05F6  0875               	movf	??_eeprom_write,w
   819  05F7  1683               	bsf	3,5	;RP0=1, select bank3
   820  05F8  1703               	bsf	3,6	;RP1=1, select bank3
   821  05F9  058C               	andwf	12,f	;volsfr
   822  05FA  1283               	bcf	3,5	;RP0=0, select bank0
   823  05FB  1303               	bcf	3,6	;RP1=0, select bank0
   824  05FC  1003               	bcf	3,0	;volatile
   825  05FD  1B8B               	btfsc	11,7	;volatile
   826  05FE  1403               	bsf	3,0	;volatile
   827  05FF  138B               	bcf	11,7	;volatile
   828  0600  1683               	bsf	3,5	;RP0=1, select bank3
   829  0601  1703               	bsf	3,6	;RP1=1, select bank3
   830  0602  150C               	bsf	12,2	;volsfr
   831  0603  3055               	movlw	85
   832  0604  008D               	movwf	13	;volsfr
   833  0605  30AA               	movlw	170
   834  0606  008D               	movwf	13	;volsfr
   835  0607  148C               	bsf	12,1	;volsfr
   836  0608  110C               	bcf	12,2	;volsfr
   837  0609  1283               	bcf	3,5	;RP0=0, select bank0
   838  060A  1303               	bcf	3,6	;RP1=0, select bank0
   839  060B  1C03               	btfss	3,0	;volatile
   840  060C  0008               	return
   841  060D  178B               	bsf	11,7	;volatile
   842  060E  0008               	return
   843  060F                     __end_of_eeprom_write:	
   844                           
   845                           	psect	text2
   846  05C7                     __ptext2:	
   847 ;; *************** function ___bmul *****************
   848 ;; Defined at:
   849 ;;		line 4 in file "C:\Program Files (x86)\Microchip\xc8\v1.38\sources\common\Umul8.c"
   850 ;; Parameters:    Size  Location     Type
   851 ;;  multiplier      1    wreg     unsigned char 
   852 ;;  multiplicand    1    0[COMMON] unsigned char 
   853 ;; Auto vars:     Size  Location     Type
   854 ;;  multiplier      1    3[COMMON] unsigned char 
   855 ;;  product         1    2[COMMON] unsigned char 
   856 ;; Return value:  Size  Location     Type
   857 ;;                  1    wreg      unsigned char 
   858 ;; Registers used:
   859 ;;		wreg, status,2, status,0
   860 ;; Tracked objects:
   861 ;;		On entry : 0/0
   862 ;;		On exit  : 0/0
   863 ;;		Unchanged: 0/0
   864 ;; Data sizes:     COMMON   BANK0   BANK1   BANK3   BANK2
   865 ;;      Params:         1       0       0       0       0
   866 ;;      Locals:         2       0       0       0       0
   867 ;;      Temps:          1       0       0       0       0
   868 ;;      Totals:         4       0       0       0       0
   869 ;;Total ram usage:        4 bytes
   870 ;; Hardware stack levels used:    1
   871 ;; This function calls:
   872 ;;		Nothing
   873 ;; This function is called by:
   874 ;;		_main
   875 ;; This function uses a non-reentrant model
   876 ;;
   877                           
   878                           
   879                           ;psect for function ___bmul
   880  05C7                     ___bmul:	
   881                           
   882                           ;incstack = 0
   883                           ; Regs used in ___bmul: [wreg+status,2+status,0]
   884                           ;___bmul@multiplier stored from wreg
   885  05C7  00F3               	movwf	___bmul@multiplier
   886  05C8  01F2               	clrf	___bmul@product
   887  05C9                     l621:	
   888  05C9  1C73               	btfss	___bmul@multiplier,0
   889  05CA  2DCF               	goto	l625
   890  05CB  0870               	movf	___bmul@multiplicand,w
   891  05CC  00F1               	movwf	??___bmul
   892  05CD  0871               	movf	??___bmul,w
   893  05CE  07F2               	addwf	___bmul@product,f
   894  05CF                     l625:	
   895  05CF  1003               	clrc
   896  05D0  0DF0               	rlf	___bmul@multiplicand,f
   897  05D1  1003               	clrc
   898  05D2  0CF3               	rrf	___bmul@multiplier,f
   899  05D3  0873               	movf	___bmul@multiplier,w
   900  05D4  1D03               	btfss	3,2
   901  05D5  2DC9               	goto	l621
   902  05D6  0872               	movf	___bmul@product,w
   903  05D7  0008               	return
   904  05D8                     __end_of___bmul:	
   905  007E                     btemp	set	126	;btemp
   906  007E                     wtemp	set	126
   907  007E                     wtemp0	set	126
   908  0080                     wtemp1	set	128
   909  0082                     wtemp2	set	130
   910  0084                     wtemp3	set	132
   911  0086                     wtemp4	set	134
   912  0088                     wtemp5	set	136
   913  007F                     wtemp6	set	127
   914  007E                     ttemp	set	126
   915  007E                     ttemp0	set	126
   916  0081                     ttemp1	set	129
   917  0084                     ttemp2	set	132
   918  0087                     ttemp3	set	135
   919  007F                     ttemp4	set	127
   920  007E                     ltemp	set	126
   921  007E                     ltemp0	set	126
   922  0082                     ltemp1	set	130
   923  0086                     ltemp2	set	134
   924  0080                     ltemp3	set	128


Data Sizes:
    Strings     0
    Constant    0
    Data        189
    BSS         1
    Persistent  0
    Stack       0

Auto Spaces:
    Space          Size  Autos    Used
    COMMON           14     12      13
    BANK0            80      8      17
    BANK1            80      0       0
    BANK3            96      0      90
    BANK2            96      0      90

Pointer List with Targets:

    None.

Critical Paths under _main in COMMON

    _main->_eeprom_write
    _eeprom_write->___bmul

Critical Paths under _main in BANK0

    None.

Critical Paths under _main in BANK1

    None.

Critical Paths under _main in BANK3

    None.

Critical Paths under _main in BANK2

    None.

Call Graph Tables:

 ---------------------------------------------------------------------------------
 (Depth) Function   	        Calls       Base Space   Used Autos Params    Refs
 ---------------------------------------------------------------------------------
 (0) _main                                                13    13      0    1325
                                              7 COMMON     5     5      0
                                              0 BANK0      8     8      0
                             ___bmul
                       _eeprom_write
 ---------------------------------------------------------------------------------
 (1) _eeprom_write                                         3     2      1     256
                                              4 COMMON     3     2      1
                             ___bmul (ARG)
 ---------------------------------------------------------------------------------
 (1) ___bmul                                               4     3      1     487
                                              0 COMMON     4     3      1
 ---------------------------------------------------------------------------------
 Estimated maximum stack depth 1
 ---------------------------------------------------------------------------------

 Call Graph Graphs:

 _main (ROOT)
   ___bmul
   _eeprom_write
     ___bmul (ARG)

 Address spaces:
Name               Size   Autos  Total    Cost      Usage
BANK3               60      0      5A       9       93.8%
BITBANK3            60      0       0       8        0.0%
SFR3                 0      0       0       4        0.0%
BITSFR3              0      0       0       4        0.0%
BANK2               60      0      5A      11       93.8%
BITBANK2            60      0       0      10        0.0%
SFR2                 0      0       0       5        0.0%
BITSFR2              0      0       0       5        0.0%
BANK1               50      0       0       7        0.0%
BITBANK1            50      0       0       6        0.0%
SFR1                 0      0       0       2        0.0%
BITSFR1              0      0       0       2        0.0%
BANK0               50      8      11       5       21.3%
BITBANK0            50      0       0       4        0.0%
SFR0                 0      0       0       1        0.0%
BITSFR0              0      0       0       1        0.0%
COMMON               E      C       D       1       92.9%
BITCOMMON            E      0       0       0        0.0%
CODE                 0      0       0       0        0.0%
DATA                 0      0      D2      12        0.0%
ABS                  0      0      D2       3        0.0%
NULL                 0      0       0       0        0.0%
STACK                0      0       0       2        0.0%
EEDATA             100      0       0       0        0.0%


Microchip Technology PIC Macro Assembler V1.38 build -256452561 
Symbol Table                                                                                   Tue Oct 18 18:27:06 2016

                      _C 0020                        pc 0002           ___bmul@product 0072  
            __CFG_CP$OFF 0000                       l23 07D1                       l43 05EA  
                     _WR 0C61                       fsr 0004                      l621 05C9  
                    l625 05CF                      l641 06D4                      l653 070C  
                    l663 071B                      l647 06D9                      l681 07BD  
                    l657 0716                      l675 0725                      l685 07C7  
                    l669 0720                      _GIE 005F                      _C_D 007C  
           __CFG_CPD$OFF 0000                      fsr0 0004                      indf 0000  
           __CFG_IESO$ON 0000             __CFG_FOSC$HS 0000             __CFG_LVP$OFF 0000  
                   _C_ON 0190                     _WREN 0C62           ??_eeprom_write 0075  
           __CFG_WRT$OFF 0000            __CFG_FCMEN$ON 0000                     _main 06C3  
                   btemp 007E                     ltemp 007E                     start 0000  
                   ttemp 007E                     wtemp 007E        ___bmul@multiplier 0073  
          __CFG_MCLRE$ON 0000                    ?_main 0070                    _EEADR 010D  
          __CFG_WDTE$OFF 0000                    _CARRY 0018                    main@i 0077  
                  main@j 0078                    main@k 007B           __CFG_BOREN$OFF 0000  
                  pclath 000A                    ltemp0 007E                    ltemp1 0082  
                  ltemp2 0086                    ltemp3 0080                    ttemp0 007E  
                  ttemp1 0081                    ttemp2 0084                    ttemp3 0087  
                  ttemp4 007F                    status 0003                    wtemp0 007E  
                  wtemp1 0080                    wtemp2 0082                    wtemp3 0084  
                  wtemp4 0086                    wtemp5 0088                    wtemp6 007F  
        __initialization 07D4             __end_of_main 07D4                   ??_main 0029  
                 _EEDATA 010C                   _EECON1 018C                   _EECON2 018D  
         __CFG_PWRTE$OFF 0000                   ___bmul 05C7     __end_of_eeprom_write 060F  
__end_of__initialization 07FC      ___bmul@multiplicand 0070           __pcstackCOMMON 0070  
           __pidataBANK0 05BE             __pidataBANK2 0669             __pidataBANK3 060F  
      eeprom_write@value 0074               __pmaintext 06C3                  ?___bmul 0070  
                _C_BLINK 0110    __size_of_eeprom_write 0026          __size_of___bmul 0011  
                __ptext1 05E9                  __ptext2 05C7     end_of_initialization 07FC  
           _eeprom_write 05E9           __end_of___bmul 05D8      start_initialization 07D4  
               ??___bmul 0071               init_fetch0 05D8              __pdataBANK0 0020  
            __pdataBANK2 0110              __pdataBANK3 0190              __pbssCOMMON 007C  
              ___latbits 0002            __pcstackBANK0 0029         eeprom_write@addr 0076  
      __CFG_BOR4V$BOR21V 0000            __size_of_main 0111                 main@i_37 0079  
               main@j_38 007A                 init_ram0 05DC            ?_eeprom_write 0074  
