

Microchip Technology PIC PRO Macro Assembler V1.38 build -256452561 
                                                                                               Fri Nov 04 13:04:24 2016

Microchip Technology Omniscient Code Generator v1.38 (PRO mode) build 201607010351
     1                           	processor	16F886
     2                           	opt	pw 120
     3                           	opt	pm
     4                           	psect	idataEEDATA,global,class=EEDATA,space=3,delta=2
     5                           	psect	cinit,global,class=CODE,merge=1,delta=2
     6                           	psect	bssEEDATA,global,class=EEDATA,space=3,delta=2
     7                           	psect	dataEEDATA,global,class=EEDATA,space=3,delta=2
     8                           	psect	inittext,global,class=CODE,delta=2
     9                           	psect	cstackCOMMON,global,class=COMMON,space=1,delta=1
    10                           	psect	maintext,global,class=CODE,split=1,delta=2
    11                           	psect	pa_nodes,global,class=CODE,delta=2
    12                           	dabs	1,0x7E,2
    13  0000                     	;# 
    14  0001                     	;# 
    15  0002                     	;# 
    16  0003                     	;# 
    17  0004                     	;# 
    18  0005                     	;# 
    19  0006                     	;# 
    20  0007                     	;# 
    21  0009                     	;# 
    22  000A                     	;# 
    23  000B                     	;# 
    24  000C                     	;# 
    25  000D                     	;# 
    26  000E                     	;# 
    27  000E                     	;# 
    28  000F                     	;# 
    29  0010                     	;# 
    30  0011                     	;# 
    31  0012                     	;# 
    32  0013                     	;# 
    33  0014                     	;# 
    34  0015                     	;# 
    35  0015                     	;# 
    36  0016                     	;# 
    37  0017                     	;# 
    38  0018                     	;# 
    39  0019                     	;# 
    40  001A                     	;# 
    41  001B                     	;# 
    42  001B                     	;# 
    43  001C                     	;# 
    44  001D                     	;# 
    45  001E                     	;# 
    46  001F                     	;# 
    47  0081                     	;# 
    48  0085                     	;# 
    49  0086                     	;# 
    50  0087                     	;# 
    51  0089                     	;# 
    52  008C                     	;# 
    53  008D                     	;# 
    54  008E                     	;# 
    55  008F                     	;# 
    56  0090                     	;# 
    57  0091                     	;# 
    58  0092                     	;# 
    59  0093                     	;# 
    60  0093                     	;# 
    61  0093                     	;# 
    62  0094                     	;# 
    63  0095                     	;# 
    64  0096                     	;# 
    65  0097                     	;# 
    66  0098                     	;# 
    67  0099                     	;# 
    68  009A                     	;# 
    69  009B                     	;# 
    70  009C                     	;# 
    71  009D                     	;# 
    72  009E                     	;# 
    73  009F                     	;# 
    74  0105                     	;# 
    75  0107                     	;# 
    76  0108                     	;# 
    77  0109                     	;# 
    78  010C                     	;# 
    79  010C                     	;# 
    80  010D                     	;# 
    81  010E                     	;# 
    82  010F                     	;# 
    83  0185                     	;# 
    84  0187                     	;# 
    85  0188                     	;# 
    86  0189                     	;# 
    87  018C                     	;# 
    88  018D                     	;# 
    89                           
    90                           	psect	idataEEDATA
    91  0000                     __pidataEEDATA:	
    92  0000                     _STATES:	
    93                           ;initializer for _STATES
    94                           
    95  0000  000A               	db	10
    96  0001  0008               	db	8
    97  0002  0009               	db	9
    98  0003  0002               	db	2
    99  0004  0000               	db	0
   100  0005  0000               	db	0
   101  0006  0000               	db	0
   102  0007  0003               	db	3
   103  0008  000C               	db	12
   104  0009  0009               	db	9
   105  000A  0000               	db	0
   106  000B  0000               	db	0
   107  000C  0000               	db	0
   108  000D  0000               	db	0
   109  000E  000A               	db	10
   110  000F  0001               	db	1
   111  0010  0009               	db	9
   112  0011  0000               	db	0
   113  0012  0020               	db	32
   114  0013  0000               	db	0
   115  0014  0000               	db	0
   116  0015  0003               	db	3
   117  0016  0001               	db	1
   118  0017  000D               	db	13
   119  0018  0000               	db	0
   120  0019  0000               	db	0
   121  001A  0000               	db	0
   122  001B  0000               	db	0
   123  001C  000A               	db	10
   124  001D  0009               	db	9
   125  001E  0008               	db	8
   126  001F  0010               	db	16
   127  0020  0000               	db	0
   128  0021  0000               	db	0
   129  0022  0000               	db	0
   130  0023  0003               	db	3
   131  0024  0009               	db	9
   132  0025  000A               	db	10
   133  0026  0000               	db	0
   134  0027  0000               	db	0
   135  0028  0000               	db	0
   136  0029  0000               	db	0
   137  002A  000A               	db	10
   138  002B  0009               	db	9
   139  002C  0001               	db	1
   140  002D  0000               	db	0
   141  002E  0000               	db	0
   142  002F  0020               	db	32
   143  0030  0000               	db	0
   144  0031  0003               	db	3
   145  0032  0009               	db	9
   146  0033  0011               	db	17
   147  0034  0000               	db	0
   148  0035  0000               	db	0
   149  0036  0000               	db	0
   150  0037  0000               	db	0
   151  0038  000A               	db	10
   152  0039  0000               	db	0
   153  003A  0000               	db	0
   154  003B  0000               	db	0
   155  003C  0000               	db	0
   156  003D  0000               	db	0
   157  003E  0000               	db	0
   158  003F  0003               	db	3
   159  0040  0000               	db	0
   160  0041  0000               	db	0
   161  0042  0000               	db	0
   162  0043  0000               	db	0
   163  0044  0000               	db	0
   164  0045  0000               	db	0
   165  0046  000A               	db	10
   166  0047  0000               	db	0
   167  0048  0000               	db	0
   168  0049  0000               	db	0
   169  004A  0000               	db	0
   170  004B  0000               	db	0
   171  004C  0000               	db	0
   172  004D  0003               	db	3
   173  004E  0000               	db	0
   174  004F  0000               	db	0
   175  0050  0000               	db	0
   176  0051  0000               	db	0
   177  0052  0000               	db	0
   178  0053  0000               	db	0
   179  0054  000A               	db	10
   180  0055  0000               	db	0
   181  0056  0000               	db	0
   182  0057  0000               	db	0
   183  0058  0000               	db	0
   184  0059  0000               	db	0
   185  005A  0000               	db	0
   186  005B  0003               	db	3
   187  005C  0000               	db	0
   188  005D  0000               	db	0
   189  005E  0000               	db	0
   190  005F  0000               	db	0
   191  0060  0000               	db	0
   192  0061  0000               	db	0
   193  0062  000A               	db	10
   194  0063  0000               	db	0
   195  0064  0000               	db	0
   196  0065  0000               	db	0
   197  0066  0000               	db	0
   198  0067  0000               	db	0
   199  0068  0000               	db	0
   200  0069  0003               	db	3
   201  006A  0000               	db	0
   202  006B  0000               	db	0
   203  006C  0000               	db	0
   204  006D  0000               	db	0
   205  006E  0000               	db	0
   206  006F  0000               	db	0
   207  0070  000A               	db	10
   208  0071  0000               	db	0
   209  0072  0000               	db	0
   210  0073  0000               	db	0
   211  0074  0000               	db	0
   212  0075  0000               	db	0
   213  0076  0000               	db	0
   214  0077  0003               	db	3
   215  0078  0000               	db	0
   216  0079  0000               	db	0
   217  007A  0000               	db	0
   218  007B  0000               	db	0
   219  007C  0000               	db	0
   220  007D  0000               	db	0
   221  007E  000A               	db	10
   222  007F  0000               	db	0
   223  0080  0000               	db	0
   224  0081  0000               	db	0
   225  0082  0000               	db	0
   226  0083  0000               	db	0
   227  0084  0000               	db	0
   228  0085  0003               	db	3
   229  0086  0000               	db	0
   230  0087  0000               	db	0
   231  0088  0000               	db	0
   232  0089  0000               	db	0
   233  008A  0000               	db	0
   234  008B  0000               	db	0
   235  008C  000A               	db	10
   236  008D  0000               	db	0
   237  008E  0000               	db	0
   238  008F  0000               	db	0
   239  0090  0000               	db	0
   240  0091  0000               	db	0
   241  0092  0000               	db	0
   242  0093  0003               	db	3
   243  0094  0000               	db	0
   244  0095  0000               	db	0
   245  0096  0000               	db	0
   246  0097  0000               	db	0
   247  0098  0000               	db	0
   248  0099  0000               	db	0
   249  009A  000A               	db	10
   250  009B  0000               	db	0
   251  009C  0000               	db	0
   252  009D  0000               	db	0
   253  009E  0000               	db	0
   254  009F  0000               	db	0
   255  00A0  0000               	db	0
   256  00A1  0003               	db	3
   257  00A2  0000               	db	0
   258  00A3  0000               	db	0
   259  00A4  0000               	db	0
   260  00A5  0000               	db	0
   261  00A6  0000               	db	0
   262  00A7  0000               	db	0
   263  00A8  0000               	db	0
   264  00A9  0000               	db	0
   265  00AA  0000               	db	0
   266  00AB  0000               	db	0
   267  00AC  0000               	db	0
   268  00AD  0000               	db	0
   269  00AE  0000               	db	0
   270  00AF  0000               	db	0
   271  00B0  0000               	db	0
   272  00B1  0000               	db	0
   273  00B2  0000               	db	0
   274  00B3  0000               	db	0
   275  00B4  0000               	db	0
   276  00B5  0000               	db	0
   277  00B6  0000               	db	0
   278  00B7  0000               	db	0
   279  00B8  0000               	db	0
   280  00B9  0000               	db	0
   281  00BA  0000               	db	0
   282  00BB  0000               	db	0
   283  00BC  0000               	db	0
   284  00BD  0000               	db	0
   285  00BE  0000               	db	0
   286  00BF  0000               	db	0
   287  00C0  0000               	db	0
   288  00C1  0000               	db	0
   289  00C2  0000               	db	0
   290  00C3  0000               	db	0
   291  00C4  0000               	db	0
   292  00C5  0000               	db	0
   293  00C6  0000               	db	0
   294  00C7  0000               	db	0
   295  00C8  0000               	db	0
   296  00C9  0000               	db	0
   297  00CA  0000               	db	0
   298  00CB  0000               	db	0
   299  00CC  0000               	db	0
   300  00CD  0000               	db	0
   301  00CE  0000               	db	0
   302  00CF  0000               	db	0
   303  00D0  0000               	db	0
   304  00D1  0000               	db	0
   305  00D2                     _C:	
   306                           ;initializer for _C
   307                           
   308  00D2  0001               	db	1
   309  00D3  0051               	db	81
   310  00D4  007F               	db	127
   311  00D5  0001               	db	1
   312  00D6  0051               	db	81
   313  00D7  007F               	db	127
   314  00D8  0001               	db	1
   315  00D9  0051               	db	81
   316  00DA  007F               	db	127
   317  00DB                     _STATE_BREAKS:	
   318                           ;initializer for _STATE_BREAKS
   319                           
   320  00DB  0008               	db	8
   321  00DC  000F               	db	15
   322  00DD  001E               	db	30
   323                           
   324                           ; #config settings
   325  0000                     
   326                           	psect	cinit
   327  07FC                     start_initialization:	
   328  07FC                     __initialization:	
   329  07FC                     end_of_initialization:	
   330                           ;End of C runtime variable initialization code
   331                           
   332  07FC                     __end_of__initialization:	
   333  07FC  0183               	clrf	3
   334  07FD  120A  118A  2800   	ljmp	start	;jump to C main() function
   335                           
   336                           	psect	bssEEDATA
   337  00DE                     __pbssEEDATA:	
   338  00DE                     _C_D:	
   339  00DE  0000               	db	0
   340                           
   341                           	psect	dataEEDATA
   342  0000                     __pdataEEDATA:	
   343                           
   344                           	psect	inittext
   345  07EB                     init_fetch0:	
   346                           ;	Called with low address in FSR and high address in W
   347                           
   348  07EB  087E               	movf	126,w
   349  07EC  008A               	movwf	10
   350  07ED  087F               	movf	127,w
   351  07EE  0082               	movwf	2
   352  07EF                     init_ram0:	
   353                           ;Called with:
   354                           ;	high address of idata address in btemp 
   355                           ;	low address of idata address in btemp+1 
   356                           ;	low address of data in FSR
   357                           ;	high address + 1 of data in btemp-1
   358                           
   359  07EF  27EB  120A  118A   	fcall	init_fetch0
   360  07F2  0080               	movwf	0
   361  07F3  0A84               	incf	4,f
   362  07F4  0804               	movf	4,w
   363  07F5  067D               	xorwf	125,w
   364  07F6  1903               	btfsc	3,2
   365  07F7  3400               	retlw	0
   366  07F8  0AFF               	incf	127,f
   367  07F9  1903               	btfsc	3,2
   368  07FA  0AFE               	incf	126,f
   369  07FB  2FEF               	goto	init_ram0
   370                           
   371                           	psect	cstackCOMMON
   372  0000                     __pcstackCOMMON:	
   373  0000                     ?_main:	
   374  0000                     ??_main:	
   375                           ; 1 bytes @ 0x0
   376                           
   377                           
   378                           	psect	maintext
   379  07E8                     __pmaintext:	
   380                           ; 1 bytes @ 0x0
   381 ;;
   382 ;;Main: autosize = 0, tempsize = 0, incstack = 0, save=0
   383 ;;
   384 ;; *************** function _main *****************
   385 ;; Defined at:
   386 ;;		line 62 in file "main.c"
   387 ;; Parameters:    Size  Location     Type
   388 ;;		None
   389 ;; Auto vars:     Size  Location     Type
   390 ;;		None
   391 ;; Return value:  Size  Location     Type
   392 ;;                  1    wreg      void 
   393 ;; Registers used:
   394 ;;		None
   395 ;; Tracked objects:
   396 ;;		On entry : B00/0
   397 ;;		On exit  : B00/0
   398 ;;		Unchanged: B00/0
   399 ;; Data sizes:     COMMON   BANK0   BANK1   BANK3   BANK2
   400 ;;      Params:         0       0       0       0       0
   401 ;;      Locals:         0       0       0       0       0
   402 ;;      Temps:          0       0       0       0       0
   403 ;;      Totals:         0       0       0       0       0
   404 ;;Total ram usage:        0 bytes
   405 ;; This function calls:
   406 ;;		Nothing
   407 ;; This function is called by:
   408 ;;		Startup code after reset
   409 ;; This function uses a non-reentrant model
   410 ;;
   411                           
   412                           
   413                           ;psect for function _main
   414  07E8                     _main:	
   415                           
   416                           ;main.c: 63: return;
   417                           
   418                           ;incstack = 0
   419                           ; Regs used in _main: []
   420  07E8  120A  118A  2800   	ljmp	start
   421  07EB                     __end_of_main:	
   422  007E                     btemp	set	126	;btemp
   423  007E                     wtemp	set	126
   424  007E                     wtemp0	set	126
   425  0080                     wtemp1	set	128
   426  0082                     wtemp2	set	130
   427  0084                     wtemp3	set	132
   428  0086                     wtemp4	set	134
   429  0088                     wtemp5	set	136
   430  007F                     wtemp6	set	127
   431  007E                     ttemp	set	126
   432  007E                     ttemp0	set	126
   433  0081                     ttemp1	set	129
   434  0084                     ttemp2	set	132
   435  0087                     ttemp3	set	135
   436  007F                     ttemp4	set	127
   437  007E                     ltemp	set	126
   438  007E                     ltemp0	set	126
   439  0082                     ltemp1	set	130
   440  0086                     ltemp2	set	134
   441  0080                     ltemp3	set	128


Data Sizes:
    Strings     0
    Constant    0
    Data        222
    BSS         1
    Persistent  0
    Stack       0

Auto Spaces:
    Space          Size  Autos    Used
    COMMON           14      0       0
    BANK0            80      0       0
    BANK1            80      0       0
    BANK3            96      0       0
    BANK2            96      0       0

Pointer List with Targets:

    None.

Critical Paths under _main in COMMON

    None.

Critical Paths under _main in BANK0

    None.

Critical Paths under _main in BANK1

    None.

Critical Paths under _main in BANK3

    None.

Critical Paths under _main in BANK2

    None.

Call Graph Tables:

 ---------------------------------------------------------------------------------
 (Depth) Function   	        Calls       Base Space   Used Autos Params    Refs
 ---------------------------------------------------------------------------------
 (0) _main                                                 0     0      0       0
 ---------------------------------------------------------------------------------
 Estimated maximum stack depth 0
 ---------------------------------------------------------------------------------

 Call Graph Graphs:

 _main (ROOT)

 Address spaces:
Name               Size   Autos  Total    Cost      Usage
BANK3               60      0       0       9        0.0%
BITBANK3            60      0       0       8        0.0%
SFR3                 0      0       0       4        0.0%
BITSFR3              0      0       0       4        0.0%
BANK2               60      0       0      11        0.0%
BITBANK2            60      0       0      10        0.0%
SFR2                 0      0       0       5        0.0%
BITSFR2              0      0       0       5        0.0%
BANK1               50      0       0       7        0.0%
BITBANK1            50      0       0       6        0.0%
SFR1                 0      0       0       2        0.0%
BITSFR1              0      0       0       2        0.0%
BANK0               50      0       0       5        0.0%
BITBANK0            50      0       0       4        0.0%
SFR0                 0      0       0       1        0.0%
BITSFR0              0      0       0       1        0.0%
COMMON               E      0       0       1        0.0%
BITCOMMON            E      0       0       0        0.0%
CODE                 0      0       0       0        0.0%
DATA                 0      0       0      12        0.0%
ABS                  0      0       0       3        0.0%
NULL                 0      0       0       0        0.0%
STACK                0      0       0       2        0.0%
EEDATA             100      0      DF       0       87.1%


Microchip Technology PIC Macro Assembler V1.38 build -256452561 
Symbol Table                                                                                   Fri Nov 04 13:04:24 2016

                      _C 00D2                        pc 0002              __CFG_CP$OFF 0000  
                     fsr 0004                      _C_D 00DE             __CFG_CPD$OFF 0000  
                    indf 0000             __CFG_IESO$ON 0000             __CFG_FOSC$HS 0000  
           __CFG_LVP$OFF 0000             __CFG_WRT$OFF 0000            __CFG_FCMEN$ON 0000  
                   _main 07E8                     btemp 007E                     ltemp 007E  
                   start 0000                     ttemp 007E                     wtemp 007E  
          __CFG_MCLRE$ON 0000                    ?_main 0000            __CFG_WDTE$OFF 0000  
         __CFG_BOREN$OFF 0000                    pclath 000A                    ltemp0 007E  
                  ltemp1 0082                    ltemp2 0086                    ltemp3 0080  
                  ttemp0 007E                    ttemp1 0081                    ttemp2 0084  
                  ttemp3 0087                    ttemp4 007F                    status 0003  
                  wtemp0 007E                    wtemp1 0080                    wtemp2 0082  
                  wtemp3 0084                    wtemp4 0086                    wtemp5 0088  
                  wtemp6 007F          __initialization 07FC             __end_of_main 07EB  
                 ??_main 0000                   _STATES 0000           __CFG_PWRTE$OFF 0000  
           __pdataEEDATA 0000  __end_of__initialization 07FC           __pcstackCOMMON 0000  
             __pmaintext 07E8     end_of_initialization 07FC            __pidataEEDATA 0000  
    start_initialization 07FC               init_fetch0 07EB              __pbssEEDATA 00DE  
              ___latbits 0002        __CFG_BOR4V$BOR21V 0000            __size_of_main 0003  
           _STATE_BREAKS 00DB                 init_ram0 07EF  
