

Microchip Technology PIC18 Macro Assembler V1.42 build -159332390 
                                                                                                           Thu Jun 29 18:11:18 2017


     1                           	processor	18F26K40
     2                           	opt	pw 132
     3                           	psect	powerup,global,reloc=2,class=CODE,delta=1
     4                           
     5                           ;
     6                           ;
     7                           ; For more information look at http:
     8                           ; or 4th page of http:
     9                           ;
    10                           ;
    11  0000                     stk_offset	set	0
    12  0000                     auto_size	set	0
    13                           
    14                           ; stack_auto defines a symbol /name/_offset which equates to the
    15                           ; stack offset of the auto object in question
    16  0000                     
    17                           ; stack_param defines a symbol /name/_offset which equates to the
    18                           ; stack offset of the parameter object in question
    19  0000                     
    20                           ; alloc_stack adjusts the SP to allocate space for auto objects
    21                           ; it also links in to the btemp symbol so that can be used
    22  0000                     
    23                           ; restore_stack adjusts the SP to remove all auto and parameter
    24                           ; objects from the stack prior to returning from a function
    25  0000                     
    26                           	psect	powerup
    27  0000'                    powerup:
    28                           	opt stack 0
    29  0000' 8E81               	bsf	3969,7,c
    30  0002' EF00' F000'        	goto	start


Microchip Technology PIC18 Macro Assembler V1.42 build -159332390 
Symbol Table                                                                                               Thu Jun 29 18:11:18 2017

                          start 000000*                         NVMCON1 000F81                          powerup 000000  
