This is pdfTeX, Version 3.14159265-2.6-1.40.17 (TeX Live 2016/W32TeX) (preloaded format=pdflatex 2016.12.20)  17 JAN 2017 15:17
entering extended mode
 restricted \write18 enabled.
 %&-line parsing enabled.
**./01.tex
(./01.tex
LaTeX2e <2016/03/31>
Babel <3.9r> and hyphenation patterns for 83 language(s) loaded.
(c:/texlive/2016/texmf-dist/tex/latex/base/article.cls
Document Class: article 2014/09/29 v1.4h Standard LaTeX document class
(c:/texlive/2016/texmf-dist/tex/latex/base/size10.clo
File: size10.clo 2014/09/29 v1.4h Standard LaTeX file (size option)
)
\c@part=\count79
\c@section=\count80
\c@subsection=\count81
\c@subsubsection=\count82
\c@paragraph=\count83
\c@subparagraph=\count84
\c@figure=\count85
\c@table=\count86
\abovecaptionskip=\skip41
\belowcaptionskip=\skip42
\bibindent=\dimen102
)
(c:/texlive/2016/texmf-dist/tex/latex/preprint/fullpage.sty
Package: fullpage 1999/02/23 1.1 (PWD)
\FP@margin=\skip43
)
(c:/texlive/2016/texmf-dist/tex/latex/tools/indentfirst.sty
Package: indentfirst 1995/11/23 v1.03 Indent first paragraph (DPC)
)
(c:/texlive/2016/texmf-dist/tex/latex/float/float.sty
Package: float 2001/11/08 v1.3d Float enhancements (AL)
\c@float@type=\count87
\float@exts=\toks14
\float@box=\box26
\@float@everytoks=\toks15
\@floatcapt=\box27
)
(c:/texlive/2016/texmf-dist/tex/latex/graphics/graphicx.sty
Package: graphicx 2014/10/28 v1.0g Enhanced LaTeX Graphics (DPC,SPQR)

(c:/texlive/2016/texmf-dist/tex/latex/graphics/keyval.sty
Package: keyval 2014/10/28 v1.15 key=value parser (DPC)
\KV@toks@=\toks16
)
(c:/texlive/2016/texmf-dist/tex/latex/graphics/graphics.sty
Package: graphics 2016/05/09 v1.0r Standard LaTeX Graphics (DPC,SPQR)

(c:/texlive/2016/texmf-dist/tex/latex/graphics/trig.sty
Package: trig 2016/01/03 v1.10 sin cos tan (DPC)
)
(c:/texlive/2016/texmf-dist/tex/latex/graphics-cfg/graphics.cfg
File: graphics.cfg 2016/01/02 v1.10 sample graphics configuration
)
Package graphics Info: Driver file: pdftex.def on input line 96.

(c:/texlive/2016/texmf-dist/tex/latex/pdftex-def/pdftex.def
File: pdftex.def 2011/05/27 v0.06d Graphics/color for pdfTeX

(c:/texlive/2016/texmf-dist/tex/generic/oberdiek/infwarerr.sty
Package: infwarerr 2016/05/16 v1.4 Providing info/warning/error messages (HO)
)
(c:/texlive/2016/texmf-dist/tex/generic/oberdiek/ltxcmds.sty
Package: ltxcmds 2016/05/16 v1.23 LaTeX kernel commands for general use (HO)
)
\Gread@gobject=\count88
))
\Gin@req@height=\dimen103
\Gin@req@width=\dimen104
)
(c:/texlive/2016/texmf-dist/tex/latex/subfigure/subfigure.sty
Package: subfigure 2002/03/15 v2.1.5 subfigure package
\subfigtopskip=\skip44
\subfigcapskip=\skip45
\subfigcaptopadj=\dimen105
\subfigbottomskip=\skip46
\subfigcapmargin=\dimen106
\subfiglabelskip=\skip47
\c@subfigure=\count89
\c@lofdepth=\count90
\c@subtable=\count91
\c@lotdepth=\count92

****************************************
* Local config file subfigure.cfg used *
****************************************
(c:/texlive/2016/texmf-dist/tex/latex/subfigure/subfigure.cfg)
\subfig@top=\skip48
\subfig@bottom=\skip49
)
(c:/texlive/2016/texmf-dist/tex/latex/caption/caption.sty
Package: caption 2016/02/21 v3.3-144 Customizing captions (AR)

(c:/texlive/2016/texmf-dist/tex/latex/caption/caption3.sty
Package: caption3 2016/02/04 v1.7-139 caption3 kernel (AR)
Package caption3 Info: TeX engine: e-TeX on input line 67.
\captionmargin=\dimen107
\captionmargin@=\dimen108
\captionwidth=\dimen109
\caption@tempdima=\dimen110
\caption@indent=\dimen111
\caption@parindent=\dimen112
\caption@hangindent=\dimen113
)
\c@ContinuedFloat=\count93
Package caption Info: float package is loaded.
Package caption Info: subfigure package is loaded.
) (./01.aux)
\openout1 = `01.aux'.

LaTeX Font Info:    Checking defaults for OML/cmm/m/it on input line 14.
LaTeX Font Info:    ... okay on input line 14.
LaTeX Font Info:    Checking defaults for T1/cmr/m/n on input line 14.
LaTeX Font Info:    ... okay on input line 14.
LaTeX Font Info:    Checking defaults for OT1/cmr/m/n on input line 14.
LaTeX Font Info:    ... okay on input line 14.
LaTeX Font Info:    Checking defaults for OMS/cmsy/m/n on input line 14.
LaTeX Font Info:    ... okay on input line 14.
LaTeX Font Info:    Checking defaults for OMX/cmex/m/n on input line 14.
LaTeX Font Info:    ... okay on input line 14.
LaTeX Font Info:    Checking defaults for U/cmr/m/n on input line 14.
LaTeX Font Info:    ... okay on input line 14.

(c:/texlive/2016/texmf-dist/tex/context/base/mkii/supp-pdf.mkii
[Loading MPS to PDF converter (version 2006.09.02).]
\scratchcounter=\count94
\scratchdimen=\dimen114
\scratchbox=\box28
\nofMPsegments=\count95
\nofMParguments=\count96
\everyMPshowfont=\toks17
\MPscratchCnt=\count97
\MPscratchDim=\dimen115
\MPnumerator=\count98
\makeMPintoPDFobject=\count99
\everyMPtoPDFconversion=\toks18
) (c:/texlive/2016/texmf-dist/tex/generic/oberdiek/pdftexcmds.sty
Package: pdftexcmds 2016/05/10 v0.21 Utility functions of pdfTeX for LuaTeX (HO
)

(c:/texlive/2016/texmf-dist/tex/generic/oberdiek/ifluatex.sty
Package: ifluatex 2016/05/16 v1.4 Provides the ifluatex switch (HO)
Package ifluatex Info: LuaTeX not detected.
)
(c:/texlive/2016/texmf-dist/tex/generic/oberdiek/ifpdf.sty
Package: ifpdf 2016/05/14 v3.1 Provides the ifpdf switch
)
Package pdftexcmds Info: LuaTeX not detected.
Package pdftexcmds Info: \pdf@primitive is available.
Package pdftexcmds Info: \pdf@ifprimitive is available.
Package pdftexcmds Info: \pdfdraftmode found.
)
(c:/texlive/2016/texmf-dist/tex/latex/oberdiek/epstopdf-base.sty
Package: epstopdf-base 2016/05/15 v2.6 Base part for package epstopdf

(c:/texlive/2016/texmf-dist/tex/latex/oberdiek/grfext.sty
Package: grfext 2016/05/16 v1.2 Manage graphics extensions (HO)

(c:/texlive/2016/texmf-dist/tex/generic/oberdiek/kvdefinekeys.sty
Package: kvdefinekeys 2016/05/16 v1.4 Define keys (HO)
))
(c:/texlive/2016/texmf-dist/tex/latex/oberdiek/kvoptions.sty
Package: kvoptions 2016/05/16 v3.12 Key value format for package options (HO)

(c:/texlive/2016/texmf-dist/tex/generic/oberdiek/kvsetkeys.sty
Package: kvsetkeys 2016/05/16 v1.17 Key value parser (HO)

(c:/texlive/2016/texmf-dist/tex/generic/oberdiek/etexcmds.sty
Package: etexcmds 2016/05/16 v1.6 Avoid name clashes with e-TeX commands (HO)
Package etexcmds Info: Could not find \expanded.
(etexcmds)             That can mean that you are not using pdfTeX 1.50 or
(etexcmds)             that some package has redefined \expanded.
(etexcmds)             In the latter case, load this package earlier.
)))
Package grfext Info: Graphics extension search list:
(grfext)             [.png,.pdf,.jpg,.mps,.jpeg,.jbig2,.jb2,.PNG,.PDF,.JPG,.JPE
G,.JBIG2,.JB2,.eps]
(grfext)             \AppendGraphicsExtensions on input line 456.

(c:/texlive/2016/texmf-dist/tex/latex/latexconfig/epstopdf-sys.cfg
File: epstopdf-sys.cfg 2010/07/13 v1.3 Configuration of (r)epstopdf for TeX Liv
e
))
Package caption Info: Begin \AtBeginDocument code.
Package caption Info: End \AtBeginDocument code.
LaTeX Font Info:    External font `cmex10' loaded for size
(Font)              <12> on input line 15.
LaTeX Font Info:    External font `cmex10' loaded for size
(Font)              <8> on input line 15.
LaTeX Font Info:    External font `cmex10' loaded for size
(Font)              <6> on input line 15.
Package epstopdf Info: Source file: <images/General_BD.eps>
(epstopdf)                    date: 2012-06-18 02:33:50
(epstopdf)                    size: 215943 bytes
(epstopdf)             Output file: <images/General_BD-eps-converted-to.pdf>
(epstopdf)                    date: 2017-01-17 15:01:47
(epstopdf)                    size: 11288 bytes
(epstopdf)             Command: <repstopdf --outfile=images/General_BD-eps-conv
erted-to.pdf images/General_BD.eps>
(epstopdf)             \includegraphics on input line 21.
Package epstopdf Info: Output file is already uptodate.

<images/General_BD-eps-converted-to.pdf, id=1, 337.26pt x 183.68625pt>
File: images/General_BD-eps-converted-to.pdf Graphic file (type pdf)

<use images/General_BD-eps-converted-to.pdf>
Package pdftex.def Info: images/General_BD-eps-converted-to.pdf used on input l
ine 21.
(pdftex.def)             Requested size: 256.0748pt x 139.47124pt.
LaTeX Font Info:    External font `cmex10' loaded for size
(Font)              <7> on input line 24.
LaTeX Font Info:    External font `cmex10' loaded for size
(Font)              <5> on input line 24.
Package epstopdf Info: Source file: <images/Kazerooni_BD.eps>
(epstopdf)                    date: 2012-06-18 02:33:58
(epstopdf)                    size: 221081 bytes
(epstopdf)             Output file: <images/Kazerooni_BD-eps-converted-to.pdf>
(epstopdf)                    date: 2017-01-17 15:01:49
(epstopdf)                    size: 11952 bytes
(epstopdf)             Command: <repstopdf --outfile=images/Kazerooni_BD-eps-co
nverted-to.pdf images/Kazerooni_BD.eps>
(epstopdf)             \includegraphics on input line 39.
Package epstopdf Info: Output file is already uptodate.

<images/Kazerooni_BD-eps-converted-to.pdf, id=2, 344.28625pt x 206.7725pt>
File: images/Kazerooni_BD-eps-converted-to.pdf Graphic file (type pdf)

<use images/Kazerooni_BD-eps-converted-to.pdf>
Package pdftex.def Info: images/Kazerooni_BD-eps-converted-to.pdf used on input
 line 39.
(pdftex.def)             Requested size: 256.0748pt x 153.79486pt.
 [1

{c:/texlive/2016/texmf-var/fonts/map/pdftex/updmap/pdftex.map} <./images/Genera
l_BD-eps-converted-to.pdf>]
Package epstopdf Info: Source file: <images/BLEEX_BD.eps>
(epstopdf)                    date: 2012-06-18 02:33:38
(epstopdf)                    size: 217810 bytes
(epstopdf)             Output file: <images/BLEEX_BD-eps-converted-to.pdf>
(epstopdf)                    date: 2017-01-17 15:01:51
(epstopdf)                    size: 11515 bytes
(epstopdf)             Command: <repstopdf --outfile=images/BLEEX_BD-eps-conver
ted-to.pdf images/BLEEX_BD.eps>
(epstopdf)             \includegraphics on input line 46.
Package epstopdf Info: Output file is already uptodate.

<images/BLEEX_BD-eps-converted-to.pdf, id=31, 337.26pt x 197.73875pt>
File: images/BLEEX_BD-eps-converted-to.pdf Graphic file (type pdf)

<use images/BLEEX_BD-eps-converted-to.pdf>
Package pdftex.def Info: images/BLEEX_BD-eps-converted-to.pdf used on input lin
e 46.
(pdftex.def)             Requested size: 256.0748pt x 150.14119pt.
Package epstopdf Info: Source file: <images/Tomizuka_BD.eps>
(epstopdf)                    date: 2012-06-18 02:34:14
(epstopdf)                    size: 216605 bytes
(epstopdf)             Output file: <images/Tomizuka_BD-eps-converted-to.pdf>
(epstopdf)                    date: 2017-01-17 15:01:53
(epstopdf)                    size: 11458 bytes
(epstopdf)             Command: <repstopdf --outfile=images/Tomizuka_BD-eps-con
verted-to.pdf images/Tomizuka_BD.eps>
(epstopdf)             \includegraphics on input line 53.
Package epstopdf Info: Output file is already uptodate.

<images/Tomizuka_BD-eps-converted-to.pdf, id=32, 340.27126pt x 183.68625pt>
File: images/Tomizuka_BD-eps-converted-to.pdf Graphic file (type pdf)

<use images/Tomizuka_BD-eps-converted-to.pdf>
Package pdftex.def Info: images/Tomizuka_BD-eps-converted-to.pdf used on input 
line 53.
(pdftex.def)             Requested size: 256.0748pt x 138.2408pt.
Package epstopdf Info: Source file: <images/Our_BD.eps>
(epstopdf)                    date: 2012-06-18 04:33:30
(epstopdf)                    size: 219495 bytes
(epstopdf)             Output file: <images/Our_BD-eps-converted-to.pdf>
(epstopdf)                    date: 2017-01-17 15:01:55
(epstopdf)                    size: 11804 bytes
(epstopdf)             Command: <repstopdf --outfile=images/Our_BD-eps-converte
d-to.pdf images/Our_BD.eps>
(epstopdf)             \includegraphics on input line 60.
Package epstopdf Info: Output file is already uptodate.

<images/Our_BD-eps-converted-to.pdf, id=33, 337.26pt x 234.8775pt>
File: images/Our_BD-eps-converted-to.pdf Graphic file (type pdf)

<use images/Our_BD-eps-converted-to.pdf>
Package pdftex.def Info: images/Our_BD-eps-converted-to.pdf used on input line 
60.
(pdftex.def)             Requested size: 256.0748pt x 178.3403pt.
 [2 <./images/Kazerooni_BD-eps-converted-to.pdf> <./images/BLEEX_BD-eps-convert
ed-to.pdf>] (./01.bbl) [3 <./images/Tomizuka_BD-eps-converted-to.pdf> <./images
/Our_BD-eps-converted-to.pdf>]
(./01.aux) ) 
Here is how much of TeX's memory you used:
 2826 strings out of 493014
 44765 string characters out of 6137015
 105643 words of memory out of 5000000
 6343 multiletter control sequences out of 15000+600000
 8233 words of font info for 29 fonts, out of 8000000 for 9000
 1141 hyphenation exceptions out of 8191
 38i,6n,39p,638b,337s stack positions out of 5000i,500n,10000p,200000b,80000s
<c:/texlive/2016/texmf-dist/fonts/type1/public/amsfonts/cm/cmbx12.p
fb><c:/texlive/2016/texmf-dist/fonts/type1/public/amsfonts/cm/cmbx9.pfb><c:/tex
live/2016/texmf-dist/fonts/type1/public/amsfonts/cm/cmmi10.pfb><c:/texlive/2016
/texmf-dist/fonts/type1/public/amsfonts/cm/cmmi7.pfb><c:/texlive/2016/texmf-dis
t/fonts/type1/public/amsfonts/cm/cmr10.pfb><c:/texlive/2016/texmf-dist/fonts/ty
pe1/public/amsfonts/cm/cmr12.pfb><c:/texlive/2016/texmf-dist/fonts/type1/public
/amsfonts/cm/cmr17.pfb><c:/texlive/2016/texmf-dist/fonts/type1/public/amsfonts/
cm/cmr7.pfb><c:/texlive/2016/texmf-dist/fonts/type1/public/amsfonts/cm/cmr9.pfb
><c:/texlive/2016/texmf-dist/fonts/type1/public/amsfonts/cm/cmsy10.pfb><c:/texl
ive/2016/texmf-dist/fonts/type1/public/amsfonts/cm/cmti10.pfb>
Output written on 01.pdf (3 pages, 173314 bytes).
PDF statistics:
 128 PDF objects out of 1000 (max. 8388607)
 86 compressed objects within 1 object stream
 0 named destinations out of 1000 (max. 500000)
 26 words of extra memory for PDF output out of 10000 (max. 10000000)

